<?xml version="1.0" encoding="UTF-8"?>
<testng-results ignored="0" total="3" passed="3" failed="0" skipped="0">
  <reporter-output>
  </reporter-output>
  <suite started-at="2026-04-02T13:01:22 IST" name="SuiteName" finished-at="2026-04-02T13:01:26 IST" duration-ms="3427">
    <groups>
    </groups>
    <test started-at="2026-04-02T13:01:22 IST" name="TestName" finished-at="2026-04-02T13:01:26 IST" duration-ms="3427">
      <class name="com.api.tests.UserDetailsAPITest">
        <test-method signature="userDetailsAPITest()[pri:0, instance:com.api.tests.UserDetailsAPITest@3427b02d]" started-at="2026-04-02T13:01:25 IST" name="userDetailsAPITest" finished-at="2026-04-02T13:01:26 IST" duration-ms="262" status="PASS">
          <reporter-output>
          </reporter-output>
        </test-method> <!-- userDetailsAPITest -->
      </class> <!-- com.api.tests.UserDetailsAPITest -->
      <class name="com.api.tests.CountAPITest">
        <test-method signature="verifyCountAPIResponse()[pri:0, instance:com.api.tests.CountAPITest@28eaa59a]" started-at="2026-04-02T13:01:25 IST" name="verifyCountAPIResponse" finished-at="2026-04-02T13:01:25 IST" duration-ms="252" status="PASS">
          <reporter-output>
          </reporter-output>
        </test-method> <!-- verifyCountAPIResponse -->
      </class> <!-- com.api.tests.CountAPITest -->
      <class name="com.api.tests.LoginAPITest">
        <test-method signature="loginAPI_Test()[pri:0, instance:com.api.tests.LoginAPITest@72f926e6]" started-at="2026-04-02T13:01:22 IST" name="loginAPI_Test" finished-at="2026-04-02T13:01:25 IST" duration-ms="2870" status="PASS">
          <reporter-output>
          </reporter-output>
        </test-method> <!-- loginAPI_Test -->
      </class> <!-- com.api.tests.LoginAPITest -->
    </test> <!-- TestName -->
  </suite> <!-- SuiteName -->
</testng-results>
