<?xml version="1.0" encoding="UTF-8"?>
<testsuite xmlns:xsi="http://www.w3.org/2001/XMLSchema-instance" xsi:noNamespaceSchemaLocation="https://maven.apache.org/surefire/maven-surefire-plugin/xsd/surefire-test-report-3.0.xsd" version="3.0" name="TestSuite" time="14.86" tests="10" errors="0" skipped="0" failures="5">
  <properties>
[...]
</properties>
  <testcase name="createJobAPITest[CreateJobPayload[mst_service_location_id=0, mst_platform_id=2, mst_warrenty_status_id=1, mst_oem_id=1, customer=Customer[first_name=Tara, last_name=Achari, mobile_number=7092167316, mobile_number_alt=7045117408, email_id=daksha.kaul@hotmail.com, email_id_alt=tara.singh@hotmail.com], customer_address=CustomerAddress[flat_number=624, apartment_name=69405 Gupta Island, street_name=72743 Khatri Cliff, landmark=73946 Pillai Crossing, area=547 Dhawan Overpass, pincode=1451, country=Philippines, state=Haryana], customer_product=CustomerProduct[dop=2026-04-09T13:10:36.773162400Z, serial_number=22683637899932, imei1=22683637899932, imei2=22683637899932, popurl=https://www.sunita-achari.biz/voluptas/magniratione#aut, product_id=1, mst_model_id=2], problems=[Problem[id=1, remark=Fugiat in nostrum voluptates inventore eaque laudantium cupiditate voluptas fuga.]]]](1)" classname="com.api.tests.CreateJobAPIFakeDataDrivenTest" time="3.575">
    <system-out><![CDATA[HTTP/1.1 200 OK
X-DNS-Prefetch-Control: off
X-Frame-Options: SAMEORIGIN
Strict-Transport-Security: max-age=15552000; includeSubDomains
X-Download-Options: noopen
X-Content-Type-Options: nosniff
X-XSS-Protection: 1; mode=block
Access-Control-Allow-Origin: *
Content-Type: application/json; charset=utf-8
Content-Length: 690
ETag: W/"2b2-ZAgoEXzjbJbKOXGV2d+nVo9RsXE"
Vary: Accept-Encoding
Date: Sun, 19 Apr 2026 13:10:41 GMT
Connection: keep-alive
Keep-Alive: timeout=5

{
    "message": "Success",
    "data": {
        "token": "eyJhbGciOiJIUzI1NiIsInR5cCI6IkpXVCJ9.eyJpZCI6NCwiZmlyc3RfbmFtZSI6ImZkIiwibGFzdF9uYW1lIjoiZmQiLCJsb2dpbl9pZCI6ImlhbWZkIiwibW9iaWxlX251bWJlciI6Ijg4OTk3NzY2NTUiLCJlbWFpbF9pZCI6Im1hcmtAZ21haWwuY29tIiwicGFzc3dvcmQiOiI1ZjRkY2MzYjVhYTc2NWQ2MWQ4MzI3ZGViODgyY2Y5OSIsInJlc2V0X3Bhc3N3b3JkX2RhdGUiOm51bGwsImxvY2tfc3RhdHVzIjowLCJpc19hY3RpdmUiOjEsIm1zdF9yb2xlX2lkIjo1LCJtc3Rfc2VydmljZV9sb2NhdGlvbl9pZCI6MSwiY3JlYXRlZF9hdCI6IjIwMjEtMTEtMDNUMDg6MDY6MjMuMDAwWiIsIm1vZGlmaWVkX2F0IjoiMjAyMS0xMS0wM1QwODowNjoyMy4wMDBaIiwicm9sZV9uYW1lIjoiRnJvbnREZXNrIiwic2VydmljZV9sb2NhdGlvbiI6IlNlcnZpY2UgQ2VudGVyIEEiLCJpYXQiOjE3NzY2MDQyNDF9.CkaHTjdLaNlDy-zdWlsWKjP55Vp0Wbg3N45_FFhPO5M"
    }
}
HTTP/1.1 200 OK
X-DNS-Prefetch-Control: off
X-Frame-Options: SAMEORIGIN
Strict-Transport-Security: max-age=15552000; includeSubDomains
X-Download-Options: noopen
X-Content-Type-Options: nosniff
X-XSS-Protection: 1; mode=block
Access-Control-Allow-Origin: *
Content-Type: application/json; charset=utf-8
Content-Length: 690
ETag: W/"2b2-ZAgoEXzjbJbKOXGV2d+nVo9RsXE"
Vary: Accept-Encoding
Date: Sun, 19 Apr 2026 13:10:41 GMT
Connection: keep-alive
Keep-Alive: timeout=5

{
    "message": "Success",
    "data": {
        "token": "eyJhbGciOiJIUzI1NiIsInR5cCI6IkpXVCJ9.eyJpZCI6NCwiZmlyc3RfbmFtZSI6ImZkIiwibGFzdF9uYW1lIjoiZmQiLCJsb2dpbl9pZCI6ImlhbWZkIiwibW9iaWxlX251bWJlciI6Ijg4OTk3NzY2NTUiLCJlbWFpbF9pZCI6Im1hcmtAZ21haWwuY29tIiwicGFzc3dvcmQiOiI1ZjRkY2MzYjVhYTc2NWQ2MWQ4MzI3ZGViODgyY2Y5OSIsInJlc2V0X3Bhc3N3b3JkX2RhdGUiOm51bGwsImxvY2tfc3RhdHVzIjowLCJpc19hY3RpdmUiOjEsIm1zdF9yb2xlX2lkIjo1LCJtc3Rfc2VydmljZV9sb2NhdGlvbl9pZCI6MSwiY3JlYXRlZF9hdCI6IjIwMjEtMTEtMDNUMDg6MDY6MjMuMDAwWiIsIm1vZGlmaWVkX2F0IjoiMjAyMS0xMS0wM1QwODowNjoyMy4wMDBaIiwicm9sZV9uYW1lIjoiRnJvbnREZXNrIiwic2VydmljZV9sb2NhdGlvbiI6IlNlcnZpY2UgQ2VudGVyIEEiLCJpYXQiOjE3NzY2MDQyNDF9.CkaHTjdLaNlDy-zdWlsWKjP55Vp0Wbg3N45_FFhPO5M"
    }
}
---------------------------------------------------------------------
---------------------------------------------------------------------
eyJhbGciOiJIUzI1NiIsInR5cCI6IkpXVCJ9.eyJpZCI6NCwiZmlyc3RfbmFtZSI6ImZkIiwibGFzdF9uYW1lIjoiZmQiLCJsb2dpbl9pZCI6ImlhbWZkIiwibW9iaWxlX251bWJlciI6Ijg4OTk3NzY2NTUiLCJlbWFpbF9pZCI6Im1hcmtAZ21haWwuY29tIiwicGFzc3dvcmQiOiI1ZjRkY2MzYjVhYTc2NWQ2MWQ4MzI3ZGViODgyY2Y5OSIsInJlc2V0X3Bhc3N3b3JkX2RhdGUiOm51bGwsImxvY2tfc3RhdHVzIjowLCJpc19hY3RpdmUiOjEsIm1zdF9yb2xlX2lkIjo1LCJtc3Rfc2VydmljZV9sb2NhdGlvbl9pZCI6MSwiY3JlYXRlZF9hdCI6IjIwMjEtMTEtMDNUMDg6MDY6MjMuMDAwWiIsIm1vZGlmaWVkX2F0IjoiMjAyMS0xMS0wM1QwODowNjoyMy4wMDBaIiwicm9sZV9uYW1lIjoiRnJvbnREZXNrIiwic2VydmljZV9sb2NhdGlvbiI6IlNlcnZpY2UgQ2VudGVyIEEiLCJpYXQiOjE3NzY2MDQyNDF9.CkaHTjdLaNlDy-zdWlsWKjP55Vp0Wbg3N45_FFhPO5M
eyJhbGciOiJIUzI1NiIsInR5cCI6IkpXVCJ9.eyJpZCI6NCwiZmlyc3RfbmFtZSI6ImZkIiwibGFzdF9uYW1lIjoiZmQiLCJsb2dpbl9pZCI6ImlhbWZkIiwibW9iaWxlX251bWJlciI6Ijg4OTk3NzY2NTUiLCJlbWFpbF9pZCI6Im1hcmtAZ21haWwuY29tIiwicGFzc3dvcmQiOiI1ZjRkY2MzYjVhYTc2NWQ2MWQ4MzI3ZGViODgyY2Y5OSIsInJlc2V0X3Bhc3N3b3JkX2RhdGUiOm51bGwsImxvY2tfc3RhdHVzIjowLCJpc19hY3RpdmUiOjEsIm1zdF9yb2xlX2lkIjo1LCJtc3Rfc2VydmljZV9sb2NhdGlvbl9pZCI6MSwiY3JlYXRlZF9hdCI6IjIwMjEtMTEtMDNUMDg6MDY6MjMuMDAwWiIsIm1vZGlmaWVkX2F0IjoiMjAyMS0xMS0wM1QwODowNjoyMy4wMDBaIiwicm9sZV9uYW1lIjoiRnJvbnREZXNrIiwic2VydmljZV9sb2NhdGlvbiI6IlNlcnZpY2UgQ2VudGVyIEEiLCJpYXQiOjE3NzY2MDQyNDF9.CkaHTjdLaNlDy-zdWlsWKjP55Vp0Wbg3N45_FFhPO5M
Request URI:	http://64.227.160.186:9000/v1/job/create
Request URI:	http://64.227.160.186:9000/v1/job/create
Request method:	POST
Request method:	POST
Headers:		Accept=application/json, application/javascript, text/javascript, text/json
				Authorization=eyJhbGciOiJIUzI1NiIsInR5cCI6IkpXVCJ9.eyJpZCI6NCwiZmlyc3RfbmFtZSI6ImZkIiwibGFzdF9uYW1lIjoiZmQiLCJsb2dpbl9pZCI6ImlhbWZkIiwibW9iaWxlX251bWJlciI6Ijg4OTk3NzY2NTUiLCJlbWFpbF9pZCI6Im1hcmtAZ21haWwuY29tIiwicGFzc3dvcmQiOiI1ZjRkY2MzYjVhYTc2NWQ2MWQ4MzI3ZGViODgyY2Y5OSIsInJlc2V0X3Bhc3N3b3JkX2RhdGUiOm51bGwsImxvY2tfc3RhdHVzIjowLCJpc19hY3RpdmUiOjEsIm1zdF9yb2xlX2lkIjo1LCJtc3Rfc2VydmljZV9sb2NhdGlvbl9pZCI6MSwiY3JlYXRlZF9hdCI6IjIwMjEtMTEtMDNUMDg6MDY6MjMuMDAwWiIsIm1vZGlmaWVkX2F0IjoiMjAyMS0xMS0wM1QwODowNjoyMy4wMDBaIiwicm9sZV9uYW1lIjoiRnJvbnREZXNrIiwic2VydmljZV9sb2NhdGlvbiI6IlNlcnZpY2UgQ2VudGVyIEEiLCJpYXQiOjE3NzY2MDQyNDF9.CkaHTjdLaNlDy-zdWlsWKjP55Vp0Wbg3N45_FFhPO5M
				Content-Type=application/json
Headers:		Accept=application/json, application/javascript, text/javascript, text/json
				Authorization=eyJhbGciOiJIUzI1NiIsInR5cCI6IkpXVCJ9.eyJpZCI6NCwiZmlyc3RfbmFtZSI6ImZkIiwibGFzdF9uYW1lIjoiZmQiLCJsb2dpbl9pZCI6ImlhbWZkIiwibW9iaWxlX251bWJlciI6Ijg4OTk3NzY2NTUiLCJlbWFpbF9pZCI6Im1hcmtAZ21haWwuY29tIiwicGFzc3dvcmQiOiI1ZjRkY2MzYjVhYTc2NWQ2MWQ4MzI3ZGViODgyY2Y5OSIsInJlc2V0X3Bhc3N3b3JkX2RhdGUiOm51bGwsImxvY2tfc3RhdHVzIjowLCJpc19hY3RpdmUiOjEsIm1zdF9yb2xlX2lkIjo1LCJtc3Rfc2VydmljZV9sb2NhdGlvbl9pZCI6MSwiY3JlYXRlZF9hdCI6IjIwMjEtMTEtMDNUMDg6MDY6MjMuMDAwWiIsIm1vZGlmaWVkX2F0IjoiMjAyMS0xMS0wM1QwODowNjoyMy4wMDBaIiwicm9sZV9uYW1lIjoiRnJvbnREZXNrIiwic2VydmljZV9sb2NhdGlvbiI6IlNlcnZpY2UgQ2VudGVyIEEiLCJpYXQiOjE3NzY2MDQyNDF9.CkaHTjdLaNlDy-zdWlsWKjP55Vp0Wbg3N45_FFhPO5M
				Content-Type=application/json
HTTP/1.1 200 OK
X-DNS-Prefetch-Control: off
X-Frame-Options: SAMEORIGIN
Strict-Transport-Security: max-age=15552000; includeSubDomains
X-Download-Options: noopen
X-Content-Type-Options: nosniff
X-XSS-Protection: 1; mode=block
Access-Control-Allow-Origin: *
Content-Type: application/json; charset=utf-8
Content-Length: 690
ETag: W/"2b2-Qc9rL8wqW0N/r2I/CdCXWEmJ6ZI"
Vary: Accept-Encoding
Date: Sun, 19 Apr 2026 13:10:42 GMT
Connection: keep-alive
Keep-Alive: timeout=5

{
    "message": "Success",
    "data": {
        "token": "eyJhbGciOiJIUzI1NiIsInR5cCI6IkpXVCJ9.eyJpZCI6NCwiZmlyc3RfbmFtZSI6ImZkIiwibGFzdF9uYW1lIjoiZmQiLCJsb2dpbl9pZCI6ImlhbWZkIiwibW9iaWxlX251bWJlciI6Ijg4OTk3NzY2NTUiLCJlbWFpbF9pZCI6Im1hcmtAZ21haWwuY29tIiwicGFzc3dvcmQiOiI1ZjRkY2MzYjVhYTc2NWQ2MWQ4MzI3ZGViODgyY2Y5OSIsInJlc2V0X3Bhc3N3b3JkX2RhdGUiOm51bGwsImxvY2tfc3RhdHVzIjowLCJpc19hY3RpdmUiOjEsIm1zdF9yb2xlX2lkIjo1LCJtc3Rfc2VydmljZV9sb2NhdGlvbl9pZCI6MSwiY3JlYXRlZF9hdCI6IjIwMjEtMTEtMDNUMDg6MDY6MjMuMDAwWiIsIm1vZGlmaWVkX2F0IjoiMjAyMS0xMS0wM1QwODowNjoyMy4wMDBaIiwicm9sZV9uYW1lIjoiRnJvbnREZXNrIiwic2VydmljZV9sb2NhdGlvbiI6IlNlcnZpY2UgQ2VudGVyIEEiLCJpYXQiOjE3NzY2MDQyNDJ9.jGYs7g8MW0I8Kzx9aYyBQV21_RKkSj-baMdT_T4nsks"
    }
}
HTTP/1.1 200 OK
X-DNS-Prefetch-Control: off
X-Frame-Options: SAMEORIGIN
Strict-Transport-Security: max-age=15552000; includeSubDomains
X-Download-Options: noopen
X-Content-Type-Options: nosniff
X-XSS-Protection: 1; mode=block
Access-Control-Allow-Origin: *
Content-Type: application/json; charset=utf-8
Content-Length: 690
ETag: W/"2b2-Qc9rL8wqW0N/r2I/CdCXWEmJ6ZI"
Vary: Accept-Encoding
Date: Sun, 19 Apr 2026 13:10:42 GMT
Connection: keep-alive
Keep-Alive: timeout=5

{
    "message": "Success",
    "data": {
        "token": "eyJhbGciOiJIUzI1NiIsInR5cCI6IkpXVCJ9.eyJpZCI6NCwiZmlyc3RfbmFtZSI6ImZkIiwibGFzdF9uYW1lIjoiZmQiLCJsb2dpbl9pZCI6ImlhbWZkIiwibW9iaWxlX251bWJlciI6Ijg4OTk3NzY2NTUiLCJlbWFpbF9pZCI6Im1hcmtAZ21haWwuY29tIiwicGFzc3dvcmQiOiI1ZjRkY2MzYjVhYTc2NWQ2MWQ4MzI3ZGViODgyY2Y5OSIsInJlc2V0X3Bhc3N3b3JkX2RhdGUiOm51bGwsImxvY2tfc3RhdHVzIjowLCJpc19hY3RpdmUiOjEsIm1zdF9yb2xlX2lkIjo1LCJtc3Rfc2VydmljZV9sb2NhdGlvbl9pZCI6MSwiY3JlYXRlZF9hdCI6IjIwMjEtMTEtMDNUMDg6MDY6MjMuMDAwWiIsIm1vZGlmaWVkX2F0IjoiMjAyMS0xMS0wM1QwODowNjoyMy4wMDBaIiwicm9sZV9uYW1lIjoiRnJvbnREZXNrIiwic2VydmljZV9sb2NhdGlvbiI6IlNlcnZpY2UgQ2VudGVyIEEiLCJpYXQiOjE3NzY2MDQyNDJ9.jGYs7g8MW0I8Kzx9aYyBQV21_RKkSj-baMdT_T4nsks"
    }
}
HTTP/1.1 200 OK
X-DNS-Prefetch-Control: off
X-Frame-Options: SAMEORIGIN
Strict-Transport-Security: max-age=15552000; includeSubDomains
X-Download-Options: noopen
X-Content-Type-Options: nosniff
X-XSS-Protection: 1; mode=block
Access-Control-Allow-Origin: *
Content-Type: application/json; charset=utf-8
Content-Length: 690
ETag: W/"2b2-Qc9rL8wqW0N/r2I/CdCXWEmJ6ZI"
Vary: Accept-Encoding
Date: Sun, 19 Apr 2026 13:10:42 GMT
Connection: keep-alive
Keep-Alive: timeout=5

{
    "message": "Success",
    "data": {
        "token": "eyJhbGciOiJIUzI1NiIsInR5cCI6IkpXVCJ9.eyJpZCI6NCwiZmlyc3RfbmFtZSI6ImZkIiwibGFzdF9uYW1lIjoiZmQiLCJsb2dpbl9pZCI6ImlhbWZkIiwibW9iaWxlX251bWJlciI6Ijg4OTk3NzY2NTUiLCJlbWFpbF9pZCI6Im1hcmtAZ21haWwuY29tIiwicGFzc3dvcmQiOiI1ZjRkY2MzYjVhYTc2NWQ2MWQ4MzI3ZGViODgyY2Y5OSIsInJlc2V0X3Bhc3N3b3JkX2RhdGUiOm51bGwsImxvY2tfc3RhdHVzIjowLCJpc19hY3RpdmUiOjEsIm1zdF9yb2xlX2lkIjo1LCJtc3Rfc2VydmljZV9sb2NhdGlvbl9pZCI6MSwiY3JlYXRlZF9hdCI6IjIwMjEtMTEtMDNUMDg6MDY6MjMuMDAwWiIsIm1vZGlmaWVkX2F0IjoiMjAyMS0xMS0wM1QwODowNjoyMy4wMDBaIiwicm9sZV9uYW1lIjoiRnJvbnREZXNrIiwic2VydmljZV9sb2NhdGlvbiI6IlNlcnZpY2UgQ2VudGVyIEEiLCJpYXQiOjE3NzY2MDQyNDJ9.jGYs7g8MW0I8Kzx9aYyBQV21_RKkSj-baMdT_T4nsks"
    }
}
---------------------------------------------------------------------
eyJhbGciOiJIUzI1NiIsInR5cCI6IkpXVCJ9.eyJpZCI6NCwiZmlyc3RfbmFtZSI6ImZkIiwibGFzdF9uYW1lIjoiZmQiLCJsb2dpbl9pZCI6ImlhbWZkIiwibW9iaWxlX251bWJlciI6Ijg4OTk3NzY2NTUiLCJlbWFpbF9pZCI6Im1hcmtAZ21haWwuY29tIiwicGFzc3dvcmQiOiI1ZjRkY2MzYjVhYTc2NWQ2MWQ4MzI3ZGViODgyY2Y5OSIsInJlc2V0X3Bhc3N3b3JkX2RhdGUiOm51bGwsImxvY2tfc3RhdHVzIjowLCJpc19hY3RpdmUiOjEsIm1zdF9yb2xlX2lkIjo1LCJtc3Rfc2VydmljZV9sb2NhdGlvbl9pZCI6MSwiY3JlYXRlZF9hdCI6IjIwMjEtMTEtMDNUMDg6MDY6MjMuMDAwWiIsIm1vZGlmaWVkX2F0IjoiMjAyMS0xMS0wM1QwODowNjoyMy4wMDBaIiwicm9sZV9uYW1lIjoiRnJvbnREZXNrIiwic2VydmljZV9sb2NhdGlvbiI6IlNlcnZpY2UgQ2VudGVyIEEiLCJpYXQiOjE3NzY2MDQyNDJ9.jGYs7g8MW0I8Kzx9aYyBQV21_RKkSj-baMdT_T4nsks
---------------------------------------------------------------------
eyJhbGciOiJIUzI1NiIsInR5cCI6IkpXVCJ9.eyJpZCI6NCwiZmlyc3RfbmFtZSI6ImZkIiwibGFzdF9uYW1lIjoiZmQiLCJsb2dpbl9pZCI6ImlhbWZkIiwibW9iaWxlX251bWJlciI6Ijg4OTk3NzY2NTUiLCJlbWFpbF9pZCI6Im1hcmtAZ21haWwuY29tIiwicGFzc3dvcmQiOiI1ZjRkY2MzYjVhYTc2NWQ2MWQ4MzI3ZGViODgyY2Y5OSIsInJlc2V0X3Bhc3N3b3JkX2RhdGUiOm51bGwsImxvY2tfc3RhdHVzIjowLCJpc19hY3RpdmUiOjEsIm1zdF9yb2xlX2lkIjo1LCJtc3Rfc2VydmljZV9sb2NhdGlvbl9pZCI6MSwiY3JlYXRlZF9hdCI6IjIwMjEtMTEtMDNUMDg6MDY6MjMuMDAwWiIsIm1vZGlmaWVkX2F0IjoiMjAyMS0xMS0wM1QwODowNjoyMy4wMDBaIiwicm9sZV9uYW1lIjoiRnJvbnREZXNrIiwic2VydmljZV9sb2NhdGlvbiI6IlNlcnZpY2UgQ2VudGVyIEEiLCJpYXQiOjE3NzY2MDQyNDJ9.jGYs7g8MW0I8Kzx9aYyBQV21_RKkSj-baMdT_T4nsks
---------------------------------------------------------------------
eyJhbGciOiJIUzI1NiIsInR5cCI6IkpXVCJ9.eyJpZCI6NCwiZmlyc3RfbmFtZSI6ImZkIiwibGFzdF9uYW1lIjoiZmQiLCJsb2dpbl9pZCI6ImlhbWZkIiwibW9iaWxlX251bWJlciI6Ijg4OTk3NzY2NTUiLCJlbWFpbF9pZCI6Im1hcmtAZ21haWwuY29tIiwicGFzc3dvcmQiOiI1ZjRkY2MzYjVhYTc2NWQ2MWQ4MzI3ZGViODgyY2Y5OSIsInJlc2V0X3Bhc3N3b3JkX2RhdGUiOm51bGwsImxvY2tfc3RhdHVzIjowLCJpc19hY3RpdmUiOjEsIm1zdF9yb2xlX2lkIjo1LCJtc3Rfc2VydmljZV9sb2NhdGlvbl9pZCI6MSwiY3JlYXRlZF9hdCI6IjIwMjEtMTEtMDNUMDg6MDY6MjMuMDAwWiIsIm1vZGlmaWVkX2F0IjoiMjAyMS0xMS0wM1QwODowNjoyMy4wMDBaIiwicm9sZV9uYW1lIjoiRnJvbnREZXNrIiwic2VydmljZV9sb2NhdGlvbiI6IlNlcnZpY2UgQ2VudGVyIEEiLCJpYXQiOjE3NzY2MDQyNDJ9.jGYs7g8MW0I8Kzx9aYyBQV21_RKkSj-baMdT_T4nsks
Request URI:	http://64.227.160.186:9000/v1/job/create
Request method:	POST
Request URI:	http://64.227.160.186:9000/v1/job/create
Request URI:	http://64.227.160.186:9000/v1/job/create
Headers:		Accept=application/json, application/javascript, text/javascript, text/json
				Authorization=eyJhbGciOiJIUzI1NiIsInR5cCI6IkpXVCJ9.eyJpZCI6NCwiZmlyc3RfbmFtZSI6ImZkIiwibGFzdF9uYW1lIjoiZmQiLCJsb2dpbl9pZCI6ImlhbWZkIiwibW9iaWxlX251bWJlciI6Ijg4OTk3NzY2NTUiLCJlbWFpbF9pZCI6Im1hcmtAZ21haWwuY29tIiwicGFzc3dvcmQiOiI1ZjRkY2MzYjVhYTc2NWQ2MWQ4MzI3ZGViODgyY2Y5OSIsInJlc2V0X3Bhc3N3b3JkX2RhdGUiOm51bGwsImxvY2tfc3RhdHVzIjowLCJpc19hY3RpdmUiOjEsIm1zdF9yb2xlX2lkIjo1LCJtc3Rfc2VydmljZV9sb2NhdGlvbl9pZCI6MSwiY3JlYXRlZF9hdCI6IjIwMjEtMTEtMDNUMDg6MDY6MjMuMDAwWiIsIm1vZGlmaWVkX2F0IjoiMjAyMS0xMS0wM1QwODowNjoyMy4wMDBaIiwicm9sZV9uYW1lIjoiRnJvbnREZXNrIiwic2VydmljZV9sb2NhdGlvbiI6IlNlcnZpY2UgQ2VudGVyIEEiLCJpYXQiOjE3NzY2MDQyNDJ9.jGYs7g8MW0I8Kzx9aYyBQV21_RKkSj-baMdT_T4nsks
				Content-Type=application/json
Request method:	POST
Request method:	POST
Headers:		Accept=application/json, application/javascript, text/javascript, text/json
				Authorization=eyJhbGciOiJIUzI1NiIsInR5cCI6IkpXVCJ9.eyJpZCI6NCwiZmlyc3RfbmFtZSI6ImZkIiwibGFzdF9uYW1lIjoiZmQiLCJsb2dpbl9pZCI6ImlhbWZkIiwibW9iaWxlX251bWJlciI6Ijg4OTk3NzY2NTUiLCJlbWFpbF9pZCI6Im1hcmtAZ21haWwuY29tIiwicGFzc3dvcmQiOiI1ZjRkY2MzYjVhYTc2NWQ2MWQ4MzI3ZGViODgyY2Y5OSIsInJlc2V0X3Bhc3N3b3JkX2RhdGUiOm51bGwsImxvY2tfc3RhdHVzIjowLCJpc19hY3RpdmUiOjEsIm1zdF9yb2xlX2lkIjo1LCJtc3Rfc2VydmljZV9sb2NhdGlvbl9pZCI6MSwiY3JlYXRlZF9hdCI6IjIwMjEtMTEtMDNUMDg6MDY6MjMuMDAwWiIsIm1vZGlmaWVkX2F0IjoiMjAyMS0xMS0wM1QwODowNjoyMy4wMDBaIiwicm9sZV9uYW1lIjoiRnJvbnREZXNrIiwic2VydmljZV9sb2NhdGlvbiI6IlNlcnZpY2UgQ2VudGVyIEEiLCJpYXQiOjE3NzY2MDQyNDJ9.jGYs7g8MW0I8Kzx9aYyBQV21_RKkSj-baMdT_T4nsks
				Content-Type=application/json
Headers:		Accept=application/json, application/javascript, text/javascript, text/json
				Authorization=eyJhbGciOiJIUzI1NiIsInR5cCI6IkpXVCJ9.eyJpZCI6NCwiZmlyc3RfbmFtZSI6ImZkIiwibGFzdF9uYW1lIjoiZmQiLCJsb2dpbl9pZCI6ImlhbWZkIiwibW9iaWxlX251bWJlciI6Ijg4OTk3NzY2NTUiLCJlbWFpbF9pZCI6Im1hcmtAZ21haWwuY29tIiwicGFzc3dvcmQiOiI1ZjRkY2MzYjVhYTc2NWQ2MWQ4MzI3ZGViODgyY2Y5OSIsInJlc2V0X3Bhc3N3b3JkX2RhdGUiOm51bGwsImxvY2tfc3RhdHVzIjowLCJpc19hY3RpdmUiOjEsIm1zdF9yb2xlX2lkIjo1LCJtc3Rfc2VydmljZV9sb2NhdGlvbl9pZCI6MSwiY3JlYXRlZF9hdCI6IjIwMjEtMTEtMDNUMDg6MDY6MjMuMDAwWiIsIm1vZGlmaWVkX2F0IjoiMjAyMS0xMS0wM1QwODowNjoyMy4wMDBaIiwicm9sZV9uYW1lIjoiRnJvbnREZXNrIiwic2VydmljZV9sb2NhdGlvbiI6IlNlcnZpY2UgQ2VudGVyIEEiLCJpYXQiOjE3NzY2MDQyNDJ9.jGYs7g8MW0I8Kzx9aYyBQV21_RKkSj-baMdT_T4nsks
				Content-Type=application/json
HTTP/1.1 200 OK
X-DNS-Prefetch-Control: off
X-Frame-Options: SAMEORIGIN
Strict-Transport-Security: max-age=15552000; includeSubDomains
X-Download-Options: noopen
X-Content-Type-Options: nosniff
X-XSS-Protection: 1; mode=block
Access-Control-Allow-Origin: *
Content-Type: application/json; charset=utf-8
Content-Length: 233
ETag: W/"e9-IQ13JDRILwUGqf8NBC9qN+UlSG4"
Vary: Accept-Encoding
Date: Sun, 19 Apr 2026 13:10:42 GMT
Connection: keep-alive
Keep-Alive: timeout=5

{
    "message": "Job created successfully. ",
    "data": {
        "id": 256137,
        "mst_service_location_id": 1,
        "mst_platform_id": 2,
        "mst_warrenty_status_id": 1,
        "mst_oem_id": 1,
        "tr_customer_id": 256156,
        "tr_customer_product_id": 256146,
        "job_number": "JOB_256137"
    }
}
]]></system-out>
    <system-err><![CDATA[SLF4J: Failed to load class "org.slf4j.impl.StaticLoggerBinder".
SLF4J: Defaulting to no-operation (NOP) logger implementation
SLF4J: See http://www.slf4j.org/codes.html#StaticLoggerBinder for further details.
]]></system-err>
  </testcase>
  <testcase name="createJobAPITest[CreateJobPayload[mst_service_location_id=0, mst_platform_id=2, mst_warrenty_status_id=1, mst_oem_id=1, customer=Customer[first_name=Vasanti, last_name=Prajapat, mobile_number=7000733573, mobile_number_alt=7015861849, email_id=dipesh.kaniyar@hotmail.com, email_id_alt=aarya.bharadwaj@hotmail.com], customer_address=CustomerAddress[flat_number=786, apartment_name=309 Agrata Courts, street_name=329 Khatri Well, landmark=26701 Varman Junctions, area=092 Dutta Field, pincode=9469, country=Djibouti, state=Punjab], customer_product=CustomerProduct[dop=2026-04-09T13:10:36.776158700Z, serial_number=65391445618314, imei1=65391445618314, imei2=65391445618314, popurl=http://www.gemine-panicker.co.in:23219/#laborum, product_id=1, mst_model_id=2], problems=[Problem[id=13, remark=Reiciendis nihil rem autem voluptates maxime maxime.]]]](2)" classname="com.api.tests.CreateJobAPIFakeDataDrivenTest" time="3.623">
    <failure message="1 expectation failed.&#10;Expected status code &lt;200&gt; but was &lt;500&gt;.&#10;" type="java.lang.AssertionError"><![CDATA[java.lang.AssertionError: 
1 expectation failed.
Expected status code <200> but was <500>.

	at java.base/jdk.internal.reflect.DirectConstructorHandleAccessor.newInstance(DirectConstructorHandleAccessor.java:62)
	at java.base/java.lang.reflect.Constructor.newInstanceWithCaller(Constructor.java:502)
	at java.base/java.lang.reflect.Constructor.newInstance(Constructor.java:486)
	at org.codehaus.groovy.reflection.CachedConstructor.invoke(CachedConstructor.java:73)
	at org.codehaus.groovy.runtime.callsite.ConstructorSite$ConstructorSiteNoUnwrapNoCoerce.callConstructor(ConstructorSite.java:108)
	at org.codehaus.groovy.runtime.callsite.CallSiteArray.defaultCallConstructor(CallSiteArray.java:57)
	at org.codehaus.groovy.runtime.callsite.AbstractCallSite.callConstructor(AbstractCallSite.java:263)
	at org.codehaus.groovy.runtime.callsite.AbstractCallSite.callConstructor(AbstractCallSite.java:277)
	at io.restassured.internal.ResponseSpecificationImpl$HamcrestAssertionClosure.validate(ResponseSpecificationImpl.groovy:512)
	at io.restassured.internal.ResponseSpecificationImpl$HamcrestAssertionClosure$validate$12.call(Unknown Source)
	at io.restassured.internal.ResponseSpecificationImpl.validate(ResponseSpecificationImpl.groovy:101)
	at io.restassured.internal.ValidatableResponseOptionsImpl.spec(ValidatableResponseOptionsImpl.java:288)
	at com.api.tests.CreateJobAPIFakeDataDrivenTest.createJobAPITest(CreateJobAPIFakeDataDrivenTest.java:31)
	at java.base/jdk.internal.reflect.DirectMethodHandleAccessor.invoke(DirectMethodHandleAccessor.java:103)
	at java.base/java.lang.reflect.Method.invoke(Method.java:580)
	at org.testng.internal.invokers.MethodInvocationHelper.invokeMethod(MethodInvocationHelper.java:141)
	at org.testng.internal.invokers.TestInvoker.invokeMethod(TestInvoker.java:686)
	at org.testng.internal.invokers.TestInvoker.invokeTestMethod(TestInvoker.java:230)
	at org.testng.internal.invokers.TestMethodWithDataProviderMethodWorker.call(TestMethodWithDataProviderMethodWorker.java:81)
	at org.testng.internal.thread.Async$AsyncTask.run(Async.java:34)
	at java.base/java.util.concurrent.ThreadPoolExecutor.runWorker(ThreadPoolExecutor.java:1144)
	at java.base/java.util.concurrent.ThreadPoolExecutor$Worker.run(ThreadPoolExecutor.java:642)
	at java.base/java.lang.Thread.run(Thread.java:1583)
]]></failure>
    <system-out><![CDATA[HTTP/1.1 500 Internal Server Error
X-DNS-Prefetch-Control: off
X-Frame-Options: SAMEORIGIN
Strict-Transport-Security: max-age=15552000; includeSubDomains
X-Download-Options: noopen
X-Content-Type-Options: nosniff
X-XSS-Protection: 1; mode=block
Access-Control-Allow-Origin: *
Content-Type: application/json; charset=utf-8
ETag: W/"5c6-0N2XNr36wCs5nujLoR2ZGZ18dkE"
Vary: Accept-Encoding
Content-Encoding: gzip
Date: Sun, 19 Apr 2026 13:10:42 GMT
Connection: keep-alive
Keep-Alive: timeout=5
Transfer-Encoding: chunked

{
    "status": 500,
    "message": "Cannot add or update a child row: a foreign key constraint fails (`SR_DEV`.`map_job_problem`, CONSTRAINT `map_job_problem_ibfk_2` FOREIGN KEY (`mst_problem_id`) REFERENCES `mst_problem` (`id`))",
    "name": "SequelizeForeignKeyConstraintError",
    "parent": {
        "code": "ER_NO_REFERENCED_ROW_2",
        "errno": 1452,
        "sqlState": "23000",
        "sqlMessage": "Cannot add or update a child row: a foreign key constraint fails (`SR_DEV`.`map_job_problem`, CONSTRAINT `map_job_problem_ibfk_2` FOREIGN KEY (`mst_problem_id`) REFERENCES `mst_problem` (`id`))",
        "sql": "INSERT INTO `map_job_problem` (`id`,`mst_problem_id`,`tr_job_head_id`,`remark`,`added_by`) VALUES (NULL,13,256138,'Reiciendis nihil rem autem voluptates maxime maxime.',4);"
    },
    "original": {
        "code": "ER_NO_REFERENCED_ROW_2",
        "errno": 1452,
        "sqlState": "23000",
        "sqlMessage": "Cannot add or update a child row: a foreign key constraint fails (`SR_DEV`.`map_job_problem`, CONSTRAINT `map_job_problem_ibfk_2` FOREIGN KEY (`mst_problem_id`) REFERENCES `mst_problem` (`id`))",
        "sql": "INSERT INTO `map_job_problem` (`id`,`mst_problem_id`,`tr_job_head_id`,`remark`,`added_by`) VALUES (NULL,13,256138,'Reiciendis nihil rem autem voluptates maxime maxime.',4);"
    },
    "sql": "INSERT INTO `map_job_problem` (`id`,`mst_problem_id`,`tr_job_head_id`,`remark`,`added_by`) VALUES (NULL,13,256138,'Reiciendis nihil rem autem voluptates maxime maxime.',4);",
    "fields": [
        "mst_problem_id"
    ],
    "table": "mst_problem",
    "index": "map_job_problem_ibfk_2",
    "reltype": "child"
}
]]></system-out>
  </testcase>
  <testcase name="createJobAPITest[CreateJobPayload[mst_service_location_id=0, mst_platform_id=2, mst_warrenty_status_id=1, mst_oem_id=1, customer=Customer[first_name=Rohana, last_name=Khanna, mobile_number=7095327132, mobile_number_alt=7036454531, email_id=lai.pothuvaal@gmail.com, email_id_alt=jyotis.tandon@hotmail.com], customer_address=CustomerAddress[flat_number=631, apartment_name=381 Dhaanyalakshmi Ports, street_name=7130 Nirbhay Throughway, landmark=86591 Nair Islands, area=9201 Arya Harbors, pincode=7392, country=El Salvador, state=Lakshadweep], customer_product=CustomerProduct[dop=2026-04-09T13:10:36.771179Z, serial_number=40353320105322, imei1=40353320105322, imei2=40353320105322, popurl=http://www.akshaj-deshpande.co.in:627/molestiae/sit#beatae, product_id=1, mst_model_id=2], problems=[Problem[id=2, remark=Esse incidunt aspernatur perferendis eveniet esse.]]]](3)" classname="com.api.tests.CreateJobAPIFakeDataDrivenTest" time="4.468">
    <system-out><![CDATA[HTTP/1.1 200 OK
X-DNS-Prefetch-Control: off
X-Frame-Options: SAMEORIGIN
Strict-Transport-Security: max-age=15552000; includeSubDomains
X-Download-Options: noopen
X-Content-Type-Options: nosniff
X-XSS-Protection: 1; mode=block
Access-Control-Allow-Origin: *
Content-Type: application/json; charset=utf-8
Content-Length: 233
ETag: W/"e9-uzws2G7nFWvcLPHazqogmcrsiqQ"
Vary: Accept-Encoding
Date: Sun, 19 Apr 2026 13:10:43 GMT
Connection: keep-alive
Keep-Alive: timeout=5

{
    "message": "Job created successfully. ",
    "data": {
        "id": 256139,
        "mst_service_location_id": 1,
        "mst_platform_id": 2,
        "mst_warrenty_status_id": 1,
        "mst_oem_id": 1,
        "tr_customer_id": 256158,
        "tr_customer_product_id": 256148,
        "job_number": "JOB_256139"
    }
}
]]></system-out>
  </testcase>
  <testcase name="createJobAPITest[CreateJobPayload[mst_service_location_id=0, mst_platform_id=2, mst_warrenty_status_id=1, mst_oem_id=1, customer=Customer[first_name=Ganaka, last_name=Kaul, mobile_number=7091056376, mobile_number_alt=7003965050, email_id=brajesh.pilla@hotmail.com, email_id_alt=manik.khatri@yahoo.co.in], customer_address=CustomerAddress[flat_number=005, apartment_name=94140 Bhuvanesh Corner, street_name=9674 Umang Port, landmark=803 Shresthi Estates, area=054 Guha Fields, pincode=4320, country=Tunisia, state=Lakshadweep], customer_product=CustomerProduct[dop=2026-04-09T13:10:36.734312300Z, serial_number=86892320766404, imei1=86892320766404, imei2=86892320766404, popurl=https://www.bishnu-bandopadhyay.net:37016/incidunt/corporissed?earum=inventore&amp;enim=tenetur#iusto, product_id=1, mst_model_id=2], problems=[Problem[id=4, remark=Ipsam dolores et deleniti iusto.]]]](4)" classname="com.api.tests.CreateJobAPIFakeDataDrivenTest" time="4.667">
    <system-out><![CDATA[HTTP/1.1 200 OK
X-DNS-Prefetch-Control: off
X-Frame-Options: SAMEORIGIN
Strict-Transport-Security: max-age=15552000; includeSubDomains
X-Download-Options: noopen
X-Content-Type-Options: nosniff
X-XSS-Protection: 1; mode=block
Access-Control-Allow-Origin: *
Content-Type: application/json; charset=utf-8
Content-Length: 233
ETag: W/"e9-23BiZ7OM0e+GbhiRLxvf/dzdg5w"
Vary: Accept-Encoding
Date: Sun, 19 Apr 2026 13:10:43 GMT
Connection: keep-alive
Keep-Alive: timeout=5

{
    "message": "Job created successfully. ",
    "data": {
        "id": 256140,
        "mst_service_location_id": 1,
        "mst_platform_id": 2,
        "mst_warrenty_status_id": 1,
        "mst_oem_id": 1,
        "tr_customer_id": 256159,
        "tr_customer_product_id": 256149,
        "job_number": "JOB_256140"
    }
}
]]></system-out>
  </testcase>
  <testcase name="createJobAPITest[CreateJobPayload[mst_service_location_id=0, mst_platform_id=2, mst_warrenty_status_id=1, mst_oem_id=1, customer=Customer[first_name=Shrishti, last_name=Varrier, mobile_number=7014302980, mobile_number_alt=7034159807, email_id=gudakesha.nambeesan@rediffmail.com, email_id_alt=gobinda.varman@yahoo.co.in], customer_address=CustomerAddress[flat_number=461, apartment_name=02428 Abbott Curve, street_name=790 Dhanapati Plains, landmark=95606 Iyengar Corners, area=4815 Deepan Plains, pincode=1841, country=Cote d&apos;Ivoire, state=Uttar Pradesh], customer_product=CustomerProduct[dop=2026-04-09T13:10:36.778143800Z, serial_number=87668028594011, imei1=87668028594011, imei2=87668028594011, popurl=https://www.aasa-kapoor.com/sequi/autemmagni, product_id=1, mst_model_id=2], problems=[Problem[id=26, remark=Praesentium pariatur nobis illum enim eligendi velit repellat.]]]](5)" classname="com.api.tests.CreateJobAPIFakeDataDrivenTest" time="5.582">
    <system-out><![CDATA[HTTP/1.1 200 OK
X-DNS-Prefetch-Control: off
X-Frame-Options: SAMEORIGIN
Strict-Transport-Security: max-age=15552000; includeSubDomains
X-Download-Options: noopen
X-Content-Type-Options: nosniff
X-XSS-Protection: 1; mode=block
Access-Control-Allow-Origin: *
Content-Type: application/json; charset=utf-8
Content-Length: 690
ETag: W/"2b2-riwJI6Ulx2uKxEFF9Fko+37IH8A"
Vary: Accept-Encoding
Date: Sun, 19 Apr 2026 13:10:44 GMT
Connection: keep-alive
Keep-Alive: timeout=5

{
    "message": "Success",
    "data": {
        "token": "eyJhbGciOiJIUzI1NiIsInR5cCI6IkpXVCJ9.eyJpZCI6NCwiZmlyc3RfbmFtZSI6ImZkIiwibGFzdF9uYW1lIjoiZmQiLCJsb2dpbl9pZCI6ImlhbWZkIiwibW9iaWxlX251bWJlciI6Ijg4OTk3NzY2NTUiLCJlbWFpbF9pZCI6Im1hcmtAZ21haWwuY29tIiwicGFzc3dvcmQiOiI1ZjRkY2MzYjVhYTc2NWQ2MWQ4MzI3ZGViODgyY2Y5OSIsInJlc2V0X3Bhc3N3b3JkX2RhdGUiOm51bGwsImxvY2tfc3RhdHVzIjowLCJpc19hY3RpdmUiOjEsIm1zdF9yb2xlX2lkIjo1LCJtc3Rfc2VydmljZV9sb2NhdGlvbl9pZCI6MSwiY3JlYXRlZF9hdCI6IjIwMjEtMTEtMDNUMDg6MDY6MjMuMDAwWiIsIm1vZGlmaWVkX2F0IjoiMjAyMS0xMS0wM1QwODowNjoyMy4wMDBaIiwicm9sZV9uYW1lIjoiRnJvbnREZXNrIiwic2VydmljZV9sb2NhdGlvbiI6IlNlcnZpY2UgQ2VudGVyIEEiLCJpYXQiOjE3NzY2MDQyNDR9.ye0ZN8Vnghmn4yFUTgJzHuFb8JJ_JTIh8H1-HTkCKK8"
    }
}
HTTP/1.1 200 OK
X-DNS-Prefetch-Control: off
X-Frame-Options: SAMEORIGIN
Strict-Transport-Security: max-age=15552000; includeSubDomains
X-Download-Options: noopen
X-Content-Type-Options: nosniff
X-XSS-Protection: 1; mode=block
Access-Control-Allow-Origin: *
Content-Type: application/json; charset=utf-8
Content-Length: 690
ETag: W/"2b2-riwJI6Ulx2uKxEFF9Fko+37IH8A"
Vary: Accept-Encoding
Date: Sun, 19 Apr 2026 13:10:44 GMT
Connection: keep-alive
Keep-Alive: timeout=5

{
    "message": "Success",
    "data": {
        "token": "eyJhbGciOiJIUzI1NiIsInR5cCI6IkpXVCJ9.eyJpZCI6NCwiZmlyc3RfbmFtZSI6ImZkIiwibGFzdF9uYW1lIjoiZmQiLCJsb2dpbl9pZCI6ImlhbWZkIiwibW9iaWxlX251bWJlciI6Ijg4OTk3NzY2NTUiLCJlbWFpbF9pZCI6Im1hcmtAZ21haWwuY29tIiwicGFzc3dvcmQiOiI1ZjRkY2MzYjVhYTc2NWQ2MWQ4MzI3ZGViODgyY2Y5OSIsInJlc2V0X3Bhc3N3b3JkX2RhdGUiOm51bGwsImxvY2tfc3RhdHVzIjowLCJpc19hY3RpdmUiOjEsIm1zdF9yb2xlX2lkIjo1LCJtc3Rfc2VydmljZV9sb2NhdGlvbl9pZCI6MSwiY3JlYXRlZF9hdCI6IjIwMjEtMTEtMDNUMDg6MDY6MjMuMDAwWiIsIm1vZGlmaWVkX2F0IjoiMjAyMS0xMS0wM1QwODowNjoyMy4wMDBaIiwicm9sZV9uYW1lIjoiRnJvbnREZXNrIiwic2VydmljZV9sb2NhdGlvbiI6IlNlcnZpY2UgQ2VudGVyIEEiLCJpYXQiOjE3NzY2MDQyNDR9.ye0ZN8Vnghmn4yFUTgJzHuFb8JJ_JTIh8H1-HTkCKK8"
    }
}
---------------------------------------------------------------------
eyJhbGciOiJIUzI1NiIsInR5cCI6IkpXVCJ9.eyJpZCI6NCwiZmlyc3RfbmFtZSI6ImZkIiwibGFzdF9uYW1lIjoiZmQiLCJsb2dpbl9pZCI6ImlhbWZkIiwibW9iaWxlX251bWJlciI6Ijg4OTk3NzY2NTUiLCJlbWFpbF9pZCI6Im1hcmtAZ21haWwuY29tIiwicGFzc3dvcmQiOiI1ZjRkY2MzYjVhYTc2NWQ2MWQ4MzI3ZGViODgyY2Y5OSIsInJlc2V0X3Bhc3N3b3JkX2RhdGUiOm51bGwsImxvY2tfc3RhdHVzIjowLCJpc19hY3RpdmUiOjEsIm1zdF9yb2xlX2lkIjo1LCJtc3Rfc2VydmljZV9sb2NhdGlvbl9pZCI6MSwiY3JlYXRlZF9hdCI6IjIwMjEtMTEtMDNUMDg6MDY6MjMuMDAwWiIsIm1vZGlmaWVkX2F0IjoiMjAyMS0xMS0wM1QwODowNjoyMy4wMDBaIiwicm9sZV9uYW1lIjoiRnJvbnREZXNrIiwic2VydmljZV9sb2NhdGlvbiI6IlNlcnZpY2UgQ2VudGVyIEEiLCJpYXQiOjE3NzY2MDQyNDR9.ye0ZN8Vnghmn4yFUTgJzHuFb8JJ_JTIh8H1-HTkCKK8
---------------------------------------------------------------------
eyJhbGciOiJIUzI1NiIsInR5cCI6IkpXVCJ9.eyJpZCI6NCwiZmlyc3RfbmFtZSI6ImZkIiwibGFzdF9uYW1lIjoiZmQiLCJsb2dpbl9pZCI6ImlhbWZkIiwibW9iaWxlX251bWJlciI6Ijg4OTk3NzY2NTUiLCJlbWFpbF9pZCI6Im1hcmtAZ21haWwuY29tIiwicGFzc3dvcmQiOiI1ZjRkY2MzYjVhYTc2NWQ2MWQ4MzI3ZGViODgyY2Y5OSIsInJlc2V0X3Bhc3N3b3JkX2RhdGUiOm51bGwsImxvY2tfc3RhdHVzIjowLCJpc19hY3RpdmUiOjEsIm1zdF9yb2xlX2lkIjo1LCJtc3Rfc2VydmljZV9sb2NhdGlvbl9pZCI6MSwiY3JlYXRlZF9hdCI6IjIwMjEtMTEtMDNUMDg6MDY6MjMuMDAwWiIsIm1vZGlmaWVkX2F0IjoiMjAyMS0xMS0wM1QwODowNjoyMy4wMDBaIiwicm9sZV9uYW1lIjoiRnJvbnREZXNrIiwic2VydmljZV9sb2NhdGlvbiI6IlNlcnZpY2UgQ2VudGVyIEEiLCJpYXQiOjE3NzY2MDQyNDR9.ye0ZN8Vnghmn4yFUTgJzHuFb8JJ_JTIh8H1-HTkCKK8
Request URI:	http://64.227.160.186:9000/v1/job/create
Request URI:	http://64.227.160.186:9000/v1/job/create
Request method:	POST
Request method:	POST
Headers:		Accept=application/json, application/javascript, text/javascript, text/json
				Authorization=eyJhbGciOiJIUzI1NiIsInR5cCI6IkpXVCJ9.eyJpZCI6NCwiZmlyc3RfbmFtZSI6ImZkIiwibGFzdF9uYW1lIjoiZmQiLCJsb2dpbl9pZCI6ImlhbWZkIiwibW9iaWxlX251bWJlciI6Ijg4OTk3NzY2NTUiLCJlbWFpbF9pZCI6Im1hcmtAZ21haWwuY29tIiwicGFzc3dvcmQiOiI1ZjRkY2MzYjVhYTc2NWQ2MWQ4MzI3ZGViODgyY2Y5OSIsInJlc2V0X3Bhc3N3b3JkX2RhdGUiOm51bGwsImxvY2tfc3RhdHVzIjowLCJpc19hY3RpdmUiOjEsIm1zdF9yb2xlX2lkIjo1LCJtc3Rfc2VydmljZV9sb2NhdGlvbl9pZCI6MSwiY3JlYXRlZF9hdCI6IjIwMjEtMTEtMDNUMDg6MDY6MjMuMDAwWiIsIm1vZGlmaWVkX2F0IjoiMjAyMS0xMS0wM1QwODowNjoyMy4wMDBaIiwicm9sZV9uYW1lIjoiRnJvbnREZXNrIiwic2VydmljZV9sb2NhdGlvbiI6IlNlcnZpY2UgQ2VudGVyIEEiLCJpYXQiOjE3NzY2MDQyNDR9.ye0ZN8Vnghmn4yFUTgJzHuFb8JJ_JTIh8H1-HTkCKK8
				Content-Type=application/json
Headers:		Accept=application/json, application/javascript, text/javascript, text/json
				Authorization=eyJhbGciOiJIUzI1NiIsInR5cCI6IkpXVCJ9.eyJpZCI6NCwiZmlyc3RfbmFtZSI6ImZkIiwibGFzdF9uYW1lIjoiZmQiLCJsb2dpbl9pZCI6ImlhbWZkIiwibW9iaWxlX251bWJlciI6Ijg4OTk3NzY2NTUiLCJlbWFpbF9pZCI6Im1hcmtAZ21haWwuY29tIiwicGFzc3dvcmQiOiI1ZjRkY2MzYjVhYTc2NWQ2MWQ4MzI3ZGViODgyY2Y5OSIsInJlc2V0X3Bhc3N3b3JkX2RhdGUiOm51bGwsImxvY2tfc3RhdHVzIjowLCJpc19hY3RpdmUiOjEsIm1zdF9yb2xlX2lkIjo1LCJtc3Rfc2VydmljZV9sb2NhdGlvbl9pZCI6MSwiY3JlYXRlZF9hdCI6IjIwMjEtMTEtMDNUMDg6MDY6MjMuMDAwWiIsIm1vZGlmaWVkX2F0IjoiMjAyMS0xMS0wM1QwODowNjoyMy4wMDBaIiwicm9sZV9uYW1lIjoiRnJvbnREZXNrIiwic2VydmljZV9sb2NhdGlvbiI6IlNlcnZpY2UgQ2VudGVyIEEiLCJpYXQiOjE3NzY2MDQyNDR9.ye0ZN8Vnghmn4yFUTgJzHuFb8JJ_JTIh8H1-HTkCKK8
				Content-Type=application/json
HTTP/1.1 200 OK
X-DNS-Prefetch-Control: off
X-Frame-Options: SAMEORIGIN
Strict-Transport-Security: max-age=15552000; includeSubDomains
X-Download-Options: noopen
X-Content-Type-Options: nosniff
X-XSS-Protection: 1; mode=block
Access-Control-Allow-Origin: *
Content-Type: application/json; charset=utf-8
Content-Length: 233
ETag: W/"e9-9HNIQQWMEOTS1DmdYCrd3nUlsOA"
Vary: Accept-Encoding
Date: Sun, 19 Apr 2026 13:10:44 GMT
Connection: keep-alive
Keep-Alive: timeout=5

{
    "message": "Job created successfully. ",
    "data": {
        "id": 256141,
        "mst_service_location_id": 1,
        "mst_platform_id": 2,
        "mst_warrenty_status_id": 1,
        "mst_oem_id": 1,
        "tr_customer_id": 256160,
        "tr_customer_product_id": 256150,
        "job_number": "JOB_256141"
    }
}
]]></system-out>
  </testcase>
  <testcase name="createJobAPITest[CreateJobPayload[mst_service_location_id=0, mst_platform_id=2, mst_warrenty_status_id=1, mst_oem_id=1, customer=Customer[first_name=Chandraswaroopa, last_name=Varma, mobile_number=7046457749, mobile_number_alt=7001679163, email_id=varalakshmi.namboothiri@gmail.com, email_id_alt=bhoopati.bandopadhyay@yahoo.co.in], customer_address=CustomerAddress[flat_number=362, apartment_name=75922 Goutam Ridge, street_name=85494 Ghanashyam Light, landmark=54958 Suman Point, area=5278 Chakravarti Ridge, pincode=2676, country=Solomon Islands, state=Bihar], customer_product=CustomerProduct[dop=2026-04-09T13:10:36.777147400Z, serial_number=97528762100590, imei1=97528762100590, imei2=97528762100590, popurl=https://www.gandharva-verma.in/#laborum, product_id=1, mst_model_id=2], problems=[Problem[id=19, remark=Consequuntur veritatis numquam ex dolorum.]]]](6)" classname="com.api.tests.CreateJobAPIFakeDataDrivenTest" time="5.644">
    <failure message="1 expectation failed.&#10;Expected response time was not a value less than &lt;2000L&gt; milliseconds, was 2169 milliseconds (2169 milliseconds)." type="java.lang.AssertionError"><![CDATA[java.lang.AssertionError: 
1 expectation failed.
Expected response time was not a value less than <2000L> milliseconds, was 2169 milliseconds (2169 milliseconds).
	at java.base/jdk.internal.reflect.DirectConstructorHandleAccessor.newInstance(DirectConstructorHandleAccessor.java:62)
	at java.base/java.lang.reflect.Constructor.newInstanceWithCaller(Constructor.java:502)
	at java.base/java.lang.reflect.Constructor.newInstance(Constructor.java:486)
	at org.codehaus.groovy.reflection.CachedConstructor.invoke(CachedConstructor.java:73)
	at org.codehaus.groovy.runtime.callsite.ConstructorSite$ConstructorSiteNoUnwrapNoCoerce.callConstructor(ConstructorSite.java:108)
	at org.codehaus.groovy.runtime.callsite.AbstractCallSite.callConstructor(AbstractCallSite.java:277)
	at io.restassured.internal.ResponseSpecificationImpl$HamcrestAssertionClosure.validate(ResponseSpecificationImpl.groovy:512)
	at io.restassured.internal.ResponseSpecificationImpl$HamcrestAssertionClosure$validate$12.call(Unknown Source)
	at io.restassured.internal.ResponseSpecificationImpl.validate(ResponseSpecificationImpl.groovy:101)
	at io.restassured.internal.ValidatableResponseOptionsImpl.spec(ValidatableResponseOptionsImpl.java:288)
	at com.api.tests.CreateJobAPIFakeDataDrivenTest.createJobAPITest(CreateJobAPIFakeDataDrivenTest.java:31)
	at java.base/jdk.internal.reflect.DirectMethodHandleAccessor.invoke(DirectMethodHandleAccessor.java:103)
	at java.base/java.lang.reflect.Method.invoke(Method.java:580)
	at org.testng.internal.invokers.MethodInvocationHelper.invokeMethod(MethodInvocationHelper.java:141)
	at org.testng.internal.invokers.TestInvoker.invokeMethod(TestInvoker.java:686)
	at org.testng.internal.invokers.TestInvoker.invokeTestMethod(TestInvoker.java:230)
	at org.testng.internal.invokers.TestMethodWithDataProviderMethodWorker.call(TestMethodWithDataProviderMethodWorker.java:81)
	at org.testng.internal.thread.Async$AsyncTask.run(Async.java:34)
	at java.base/java.util.concurrent.ThreadPoolExecutor.runWorker(ThreadPoolExecutor.java:1144)
	at java.base/java.util.concurrent.ThreadPoolExecutor$Worker.run(ThreadPoolExecutor.java:642)
	at java.base/java.lang.Thread.run(Thread.java:1583)
]]></failure>
    <system-out><![CDATA[HTTP/1.1 200 OK
X-DNS-Prefetch-Control: off
X-Frame-Options: SAMEORIGIN
Strict-Transport-Security: max-age=15552000; includeSubDomains
X-Download-Options: noopen
X-Content-Type-Options: nosniff
X-XSS-Protection: 1; mode=block
Access-Control-Allow-Origin: *
Content-Type: application/json; charset=utf-8
Content-Length: 233
ETag: W/"e9-W5paOxNSkOJSs4HHPxdSr6E+uQQ"
Vary: Accept-Encoding
Date: Sun, 19 Apr 2026 13:10:44 GMT
Connection: keep-alive
Keep-Alive: timeout=5

{
    "message": "Job created successfully. ",
    "data": {
        "id": 256142,
        "mst_service_location_id": 1,
        "mst_platform_id": 2,
        "mst_warrenty_status_id": 1,
        "mst_oem_id": 1,
        "tr_customer_id": 256161,
        "tr_customer_product_id": 256151,
        "job_number": "JOB_256142"
    }
}
]]></system-out>
  </testcase>
  <testcase name="createJobAPITest[CreateJobPayload[mst_service_location_id=0, mst_platform_id=2, mst_warrenty_status_id=1, mst_oem_id=1, customer=Customer[first_name=Prayag, last_name=Devar, mobile_number=7071310978, mobile_number_alt=7036236751, email_id=amaranaath.marar@yahoo.co.in, email_id_alt=dron.sinha@rediffmail.com], customer_address=CustomerAddress[flat_number=857, apartment_name=485 Ahuja Spurs, street_name=0025 Shukla Inlet, landmark=932 Chinmayanand Courts, area=040 Ranjit Mount, pincode=3570, country=Cape Verde, state=Punjab], customer_product=CustomerProduct[dop=2026-04-09T13:10:36.780139Z, serial_number=30212116456714, imei1=30212116456714, imei2=30212116456714, popurl=http://www.nawal-ganaka.com/?mollitia=natus&amp;dolorum=hic#repellat, product_id=1, mst_model_id=2], problems=[Problem[id=21, remark=Natus quas quas ullam commodi earum expedita nisi itaque.]]]](7)" classname="com.api.tests.CreateJobAPIFakeDataDrivenTest" time="6.678">
    <failure message="1 expectation failed.&#10;Expected status code &lt;200&gt; but was &lt;500&gt;.&#10;" type="java.lang.AssertionError"><![CDATA[java.lang.AssertionError: 
1 expectation failed.
Expected status code <200> but was <500>.

	at java.base/jdk.internal.reflect.DirectConstructorHandleAccessor.newInstance(DirectConstructorHandleAccessor.java:62)
	at java.base/java.lang.reflect.Constructor.newInstanceWithCaller(Constructor.java:502)
	at java.base/java.lang.reflect.Constructor.newInstance(Constructor.java:486)
	at org.codehaus.groovy.reflection.CachedConstructor.invoke(CachedConstructor.java:73)
	at org.codehaus.groovy.runtime.callsite.ConstructorSite$ConstructorSiteNoUnwrapNoCoerce.callConstructor(ConstructorSite.java:108)
	at org.codehaus.groovy.runtime.callsite.AbstractCallSite.callConstructor(AbstractCallSite.java:277)
	at io.restassured.internal.ResponseSpecificationImpl$HamcrestAssertionClosure.validate(ResponseSpecificationImpl.groovy:512)
	at io.restassured.internal.ResponseSpecificationImpl$HamcrestAssertionClosure$validate$12.call(Unknown Source)
	at io.restassured.internal.ResponseSpecificationImpl.validate(ResponseSpecificationImpl.groovy:101)
	at io.restassured.internal.ValidatableResponseOptionsImpl.spec(ValidatableResponseOptionsImpl.java:288)
	at com.api.tests.CreateJobAPIFakeDataDrivenTest.createJobAPITest(CreateJobAPIFakeDataDrivenTest.java:31)
	at java.base/jdk.internal.reflect.DirectMethodHandleAccessor.invoke(DirectMethodHandleAccessor.java:103)
	at java.base/java.lang.reflect.Method.invoke(Method.java:580)
	at org.testng.internal.invokers.MethodInvocationHelper.invokeMethod(MethodInvocationHelper.java:141)
	at org.testng.internal.invokers.TestInvoker.invokeMethod(TestInvoker.java:686)
	at org.testng.internal.invokers.TestInvoker.invokeTestMethod(TestInvoker.java:230)
	at org.testng.internal.invokers.TestMethodWithDataProviderMethodWorker.call(TestMethodWithDataProviderMethodWorker.java:81)
	at org.testng.internal.thread.Async$AsyncTask.run(Async.java:34)
	at java.base/java.util.concurrent.ThreadPoolExecutor.runWorker(ThreadPoolExecutor.java:1144)
	at java.base/java.util.concurrent.ThreadPoolExecutor$Worker.run(ThreadPoolExecutor.java:642)
	at java.base/java.lang.Thread.run(Thread.java:1583)
]]></failure>
    <system-out><![CDATA[HTTP/1.1 500 Internal Server Error
X-DNS-Prefetch-Control: off
X-Frame-Options: SAMEORIGIN
Strict-Transport-Security: max-age=15552000; includeSubDomains
X-Download-Options: noopen
X-Content-Type-Options: nosniff
X-XSS-Protection: 1; mode=block
Access-Control-Allow-Origin: *
Content-Type: application/json; charset=utf-8
ETag: W/"5d5-fQm90i4hYms5flM5hK8xPNFGOs4"
Vary: Accept-Encoding
Content-Encoding: gzip
Date: Sun, 19 Apr 2026 13:10:45 GMT
Connection: keep-alive
Keep-Alive: timeout=5
Transfer-Encoding: chunked

{
    "status": 500,
    "message": "Cannot add or update a child row: a foreign key constraint fails (`SR_DEV`.`map_job_problem`, CONSTRAINT `map_job_problem_ibfk_2` FOREIGN KEY (`mst_problem_id`) REFERENCES `mst_problem` (`id`))",
    "name": "SequelizeForeignKeyConstraintError",
    "parent": {
        "code": "ER_NO_REFERENCED_ROW_2",
        "errno": 1452,
        "sqlState": "23000",
        "sqlMessage": "Cannot add or update a child row: a foreign key constraint fails (`SR_DEV`.`map_job_problem`, CONSTRAINT `map_job_problem_ibfk_2` FOREIGN KEY (`mst_problem_id`) REFERENCES `mst_problem` (`id`))",
        "sql": "INSERT INTO `map_job_problem` (`id`,`mst_problem_id`,`tr_job_head_id`,`remark`,`added_by`) VALUES (NULL,21,256143,'Natus quas quas ullam commodi earum expedita nisi itaque.',4);"
    },
    "original": {
        "code": "ER_NO_REFERENCED_ROW_2",
        "errno": 1452,
        "sqlState": "23000",
        "sqlMessage": "Cannot add or update a child row: a foreign key constraint fails (`SR_DEV`.`map_job_problem`, CONSTRAINT `map_job_problem_ibfk_2` FOREIGN KEY (`mst_problem_id`) REFERENCES `mst_problem` (`id`))",
        "sql": "INSERT INTO `map_job_problem` (`id`,`mst_problem_id`,`tr_job_head_id`,`remark`,`added_by`) VALUES (NULL,21,256143,'Natus quas quas ullam commodi earum expedita nisi itaque.',4);"
    },
    "sql": "INSERT INTO `map_job_problem` (`id`,`mst_problem_id`,`tr_job_head_id`,`remark`,`added_by`) VALUES (NULL,21,256143,'Natus quas quas ullam commodi earum expedita nisi itaque.',4);",
    "fields": [
        "mst_problem_id"
    ],
    "table": "mst_problem",
    "index": "map_job_problem_ibfk_2",
    "reltype": "child"
}
]]></system-out>
  </testcase>
  <testcase name="createJobAPITest[CreateJobPayload[mst_service_location_id=0, mst_platform_id=2, mst_warrenty_status_id=1, mst_oem_id=1, customer=Customer[first_name=Vasudeva, last_name=Sinha, mobile_number=7065676773, mobile_number_alt=7046125791, email_id=vrund.asan@gmail.com, email_id_alt=aarya.ganaka@hotmail.com], customer_address=CustomerAddress[flat_number=935, apartment_name=20526 Bhadraksh Vista, street_name=93684 Sinha Mountains, landmark=842 Jha Route, area=8189 Kaul Bridge, pincode=4711, country=Liberia, state=Jammu and Kashmir], customer_product=CustomerProduct[dop=2026-04-09T13:10:36.777147400Z, serial_number=65371982713121, imei1=65371982713121, imei2=65371982713121, popurl=https://www.prasad-khan.name:23271/, product_id=1, mst_model_id=2], problems=[Problem[id=9, remark=Cupiditate voluptates qui ab commodi.]]]](8)" classname="com.api.tests.CreateJobAPIFakeDataDrivenTest" time="7.737">
    <system-out><![CDATA[HTTP/1.1 200 OK
X-DNS-Prefetch-Control: off
X-Frame-Options: SAMEORIGIN
Strict-Transport-Security: max-age=15552000; includeSubDomains
X-Download-Options: noopen
X-Content-Type-Options: nosniff
X-XSS-Protection: 1; mode=block
Access-Control-Allow-Origin: *
Content-Type: application/json; charset=utf-8
Content-Length: 690
ETag: W/"2b2-T4EMm6xlKV3Yv9wYdHTZSW85GW8"
Vary: Accept-Encoding
Date: Sun, 19 Apr 2026 13:10:46 GMT
Connection: keep-alive
Keep-Alive: timeout=5

{
    "message": "Success",
    "data": {
        "token": "eyJhbGciOiJIUzI1NiIsInR5cCI6IkpXVCJ9.eyJpZCI6NCwiZmlyc3RfbmFtZSI6ImZkIiwibGFzdF9uYW1lIjoiZmQiLCJsb2dpbl9pZCI6ImlhbWZkIiwibW9iaWxlX251bWJlciI6Ijg4OTk3NzY2NTUiLCJlbWFpbF9pZCI6Im1hcmtAZ21haWwuY29tIiwicGFzc3dvcmQiOiI1ZjRkY2MzYjVhYTc2NWQ2MWQ4MzI3ZGViODgyY2Y5OSIsInJlc2V0X3Bhc3N3b3JkX2RhdGUiOm51bGwsImxvY2tfc3RhdHVzIjowLCJpc19hY3RpdmUiOjEsIm1zdF9yb2xlX2lkIjo1LCJtc3Rfc2VydmljZV9sb2NhdGlvbl9pZCI6MSwiY3JlYXRlZF9hdCI6IjIwMjEtMTEtMDNUMDg6MDY6MjMuMDAwWiIsIm1vZGlmaWVkX2F0IjoiMjAyMS0xMS0wM1QwODowNjoyMy4wMDBaIiwicm9sZV9uYW1lIjoiRnJvbnREZXNrIiwic2VydmljZV9sb2NhdGlvbiI6IlNlcnZpY2UgQ2VudGVyIEEiLCJpYXQiOjE3NzY2MDQyNDZ9.4APFuilChOsiYK0j3jMJrE95RX9IXRJMLhLwguc_5Jc"
    }
}
---------------------------------------------------------------------
eyJhbGciOiJIUzI1NiIsInR5cCI6IkpXVCJ9.eyJpZCI6NCwiZmlyc3RfbmFtZSI6ImZkIiwibGFzdF9uYW1lIjoiZmQiLCJsb2dpbl9pZCI6ImlhbWZkIiwibW9iaWxlX251bWJlciI6Ijg4OTk3NzY2NTUiLCJlbWFpbF9pZCI6Im1hcmtAZ21haWwuY29tIiwicGFzc3dvcmQiOiI1ZjRkY2MzYjVhYTc2NWQ2MWQ4MzI3ZGViODgyY2Y5OSIsInJlc2V0X3Bhc3N3b3JkX2RhdGUiOm51bGwsImxvY2tfc3RhdHVzIjowLCJpc19hY3RpdmUiOjEsIm1zdF9yb2xlX2lkIjo1LCJtc3Rfc2VydmljZV9sb2NhdGlvbl9pZCI6MSwiY3JlYXRlZF9hdCI6IjIwMjEtMTEtMDNUMDg6MDY6MjMuMDAwWiIsIm1vZGlmaWVkX2F0IjoiMjAyMS0xMS0wM1QwODowNjoyMy4wMDBaIiwicm9sZV9uYW1lIjoiRnJvbnREZXNrIiwic2VydmljZV9sb2NhdGlvbiI6IlNlcnZpY2UgQ2VudGVyIEEiLCJpYXQiOjE3NzY2MDQyNDZ9.4APFuilChOsiYK0j3jMJrE95RX9IXRJMLhLwguc_5Jc
Request URI:	http://64.227.160.186:9000/v1/job/create
Request method:	POST
Headers:		Accept=application/json, application/javascript, text/javascript, text/json
				Authorization=eyJhbGciOiJIUzI1NiIsInR5cCI6IkpXVCJ9.eyJpZCI6NCwiZmlyc3RfbmFtZSI6ImZkIiwibGFzdF9uYW1lIjoiZmQiLCJsb2dpbl9pZCI6ImlhbWZkIiwibW9iaWxlX251bWJlciI6Ijg4OTk3NzY2NTUiLCJlbWFpbF9pZCI6Im1hcmtAZ21haWwuY29tIiwicGFzc3dvcmQiOiI1ZjRkY2MzYjVhYTc2NWQ2MWQ4MzI3ZGViODgyY2Y5OSIsInJlc2V0X3Bhc3N3b3JkX2RhdGUiOm51bGwsImxvY2tfc3RhdHVzIjowLCJpc19hY3RpdmUiOjEsIm1zdF9yb2xlX2lkIjo1LCJtc3Rfc2VydmljZV9sb2NhdGlvbl9pZCI6MSwiY3JlYXRlZF9hdCI6IjIwMjEtMTEtMDNUMDg6MDY6MjMuMDAwWiIsIm1vZGlmaWVkX2F0IjoiMjAyMS0xMS0wM1QwODowNjoyMy4wMDBaIiwicm9sZV9uYW1lIjoiRnJvbnREZXNrIiwic2VydmljZV9sb2NhdGlvbiI6IlNlcnZpY2UgQ2VudGVyIEEiLCJpYXQiOjE3NzY2MDQyNDZ9.4APFuilChOsiYK0j3jMJrE95RX9IXRJMLhLwguc_5Jc
				Content-Type=application/json
HTTP/1.1 200 OK
X-DNS-Prefetch-Control: off
X-Frame-Options: SAMEORIGIN
Strict-Transport-Security: max-age=15552000; includeSubDomains
X-Download-Options: noopen
X-Content-Type-Options: nosniff
X-XSS-Protection: 1; mode=block
Access-Control-Allow-Origin: *
Content-Type: application/json; charset=utf-8
Content-Length: 233
ETag: W/"e9-YYQ11hqsB0GICU5Fa7Nql63F8rc"
Vary: Accept-Encoding
Date: Sun, 19 Apr 2026 13:10:46 GMT
Connection: keep-alive
Keep-Alive: timeout=5

{
    "message": "Job created successfully. ",
    "data": {
        "id": 256144,
        "mst_service_location_id": 1,
        "mst_platform_id": 2,
        "mst_warrenty_status_id": 1,
        "mst_oem_id": 1,
        "tr_customer_id": 256163,
        "tr_customer_product_id": 256153,
        "job_number": "JOB_256144"
    }
}
]]></system-out>
  </testcase>
  <testcase name="createJobAPITest[CreateJobPayload[mst_service_location_id=0, mst_platform_id=2, mst_warrenty_status_id=1, mst_oem_id=1, customer=Customer[first_name=Vimal, last_name=Arora, mobile_number=7037886767, mobile_number_alt=7079011761, email_id=gangesh.kocchar@rediffmail.com, email_id_alt=subhasini.namboothiri@gmail.com], customer_address=CustomerAddress[flat_number=767, apartment_name=6607 Joshi Fall, street_name=7224 Jain Well, landmark=27290 Eekalabya Stravenue, area=20757 Ajit Underpass, pincode=5551, country=Morocco, state=Meghalaya], customer_product=CustomerProduct[dop=2026-04-09T13:10:36.775153500Z, serial_number=54514221330640, imei1=54514221330640, imei2=54514221330640, popurl=https://www.chandraketu-iyer.com:17690/#esse, product_id=1, mst_model_id=2], problems=[Problem[id=23, remark=Temporibus illum vel necessitatibus natus.]]]](9)" classname="com.api.tests.CreateJobAPIFakeDataDrivenTest" time="9.637">
    <failure message="1 expectation failed.&#10;Expected status code &lt;200&gt; but was &lt;500&gt;.&#10;" type="java.lang.AssertionError"><![CDATA[java.lang.AssertionError: 
1 expectation failed.
Expected status code <200> but was <500>.

	at java.base/jdk.internal.reflect.DirectConstructorHandleAccessor.newInstance(DirectConstructorHandleAccessor.java:62)
	at java.base/java.lang.reflect.Constructor.newInstanceWithCaller(Constructor.java:502)
	at java.base/java.lang.reflect.Constructor.newInstance(Constructor.java:486)
	at org.codehaus.groovy.reflection.CachedConstructor.invoke(CachedConstructor.java:73)
	at org.codehaus.groovy.runtime.callsite.ConstructorSite$ConstructorSiteNoUnwrapNoCoerce.callConstructor(ConstructorSite.java:108)
	at org.codehaus.groovy.runtime.callsite.AbstractCallSite.callConstructor(AbstractCallSite.java:277)
	at io.restassured.internal.ResponseSpecificationImpl$HamcrestAssertionClosure.validate(ResponseSpecificationImpl.groovy:512)
	at io.restassured.internal.ResponseSpecificationImpl$HamcrestAssertionClosure$validate$12.call(Unknown Source)
	at io.restassured.internal.ResponseSpecificationImpl.validate(ResponseSpecificationImpl.groovy:101)
	at io.restassured.internal.ValidatableResponseOptionsImpl.spec(ValidatableResponseOptionsImpl.java:288)
	at com.api.tests.CreateJobAPIFakeDataDrivenTest.createJobAPITest(CreateJobAPIFakeDataDrivenTest.java:31)
	at java.base/jdk.internal.reflect.DirectMethodHandleAccessor.invoke(DirectMethodHandleAccessor.java:103)
	at java.base/java.lang.reflect.Method.invoke(Method.java:580)
	at org.testng.internal.invokers.MethodInvocationHelper.invokeMethod(MethodInvocationHelper.java:141)
	at org.testng.internal.invokers.TestInvoker.invokeMethod(TestInvoker.java:686)
	at org.testng.internal.invokers.TestInvoker.invokeTestMethod(TestInvoker.java:230)
	at org.testng.internal.invokers.TestMethodWithDataProviderMethodWorker.call(TestMethodWithDataProviderMethodWorker.java:81)
	at org.testng.internal.thread.Async$AsyncTask.run(Async.java:34)
	at java.base/java.util.concurrent.ThreadPoolExecutor.runWorker(ThreadPoolExecutor.java:1144)
	at java.base/java.util.concurrent.ThreadPoolExecutor$Worker.run(ThreadPoolExecutor.java:642)
	at java.base/java.lang.Thread.run(Thread.java:1583)
]]></failure>
    <system-out><![CDATA[HTTP/1.1 200 OK
X-DNS-Prefetch-Control: off
X-Frame-Options: SAMEORIGIN
Strict-Transport-Security: max-age=15552000; includeSubDomains
X-Download-Options: noopen
X-Content-Type-Options: nosniff
X-XSS-Protection: 1; mode=block
Access-Control-Allow-Origin: *
Content-Type: application/json; charset=utf-8
Content-Length: 690
ETag: W/"2b2-5E7bdRya+nHPYlNAwBKFpKaEZjo"
Vary: Accept-Encoding
Date: Sun, 19 Apr 2026 13:10:48 GMT
Connection: keep-alive
Keep-Alive: timeout=5

{
    "message": "Success",
    "data": {
        "token": "eyJhbGciOiJIUzI1NiIsInR5cCI6IkpXVCJ9.eyJpZCI6NCwiZmlyc3RfbmFtZSI6ImZkIiwibGFzdF9uYW1lIjoiZmQiLCJsb2dpbl9pZCI6ImlhbWZkIiwibW9iaWxlX251bWJlciI6Ijg4OTk3NzY2NTUiLCJlbWFpbF9pZCI6Im1hcmtAZ21haWwuY29tIiwicGFzc3dvcmQiOiI1ZjRkY2MzYjVhYTc2NWQ2MWQ4MzI3ZGViODgyY2Y5OSIsInJlc2V0X3Bhc3N3b3JkX2RhdGUiOm51bGwsImxvY2tfc3RhdHVzIjowLCJpc19hY3RpdmUiOjEsIm1zdF9yb2xlX2lkIjo1LCJtc3Rfc2VydmljZV9sb2NhdGlvbl9pZCI6MSwiY3JlYXRlZF9hdCI6IjIwMjEtMTEtMDNUMDg6MDY6MjMuMDAwWiIsIm1vZGlmaWVkX2F0IjoiMjAyMS0xMS0wM1QwODowNjoyMy4wMDBaIiwicm9sZV9uYW1lIjoiRnJvbnREZXNrIiwic2VydmljZV9sb2NhdGlvbiI6IlNlcnZpY2UgQ2VudGVyIEEiLCJpYXQiOjE3NzY2MDQyNDh9.1KpgPv1t_j-jtOQO61IEZgC6EzS-MI1hN283W1BIKiQ"
    }
}
---------------------------------------------------------------------
eyJhbGciOiJIUzI1NiIsInR5cCI6IkpXVCJ9.eyJpZCI6NCwiZmlyc3RfbmFtZSI6ImZkIiwibGFzdF9uYW1lIjoiZmQiLCJsb2dpbl9pZCI6ImlhbWZkIiwibW9iaWxlX251bWJlciI6Ijg4OTk3NzY2NTUiLCJlbWFpbF9pZCI6Im1hcmtAZ21haWwuY29tIiwicGFzc3dvcmQiOiI1ZjRkY2MzYjVhYTc2NWQ2MWQ4MzI3ZGViODgyY2Y5OSIsInJlc2V0X3Bhc3N3b3JkX2RhdGUiOm51bGwsImxvY2tfc3RhdHVzIjowLCJpc19hY3RpdmUiOjEsIm1zdF9yb2xlX2lkIjo1LCJtc3Rfc2VydmljZV9sb2NhdGlvbl9pZCI6MSwiY3JlYXRlZF9hdCI6IjIwMjEtMTEtMDNUMDg6MDY6MjMuMDAwWiIsIm1vZGlmaWVkX2F0IjoiMjAyMS0xMS0wM1QwODowNjoyMy4wMDBaIiwicm9sZV9uYW1lIjoiRnJvbnREZXNrIiwic2VydmljZV9sb2NhdGlvbiI6IlNlcnZpY2UgQ2VudGVyIEEiLCJpYXQiOjE3NzY2MDQyNDh9.1KpgPv1t_j-jtOQO61IEZgC6EzS-MI1hN283W1BIKiQ
Request URI:	http://64.227.160.186:9000/v1/job/create
Request method:	POST
Headers:		Accept=application/json, application/javascript, text/javascript, text/json
				Authorization=eyJhbGciOiJIUzI1NiIsInR5cCI6IkpXVCJ9.eyJpZCI6NCwiZmlyc3RfbmFtZSI6ImZkIiwibGFzdF9uYW1lIjoiZmQiLCJsb2dpbl9pZCI6ImlhbWZkIiwibW9iaWxlX251bWJlciI6Ijg4OTk3NzY2NTUiLCJlbWFpbF9pZCI6Im1hcmtAZ21haWwuY29tIiwicGFzc3dvcmQiOiI1ZjRkY2MzYjVhYTc2NWQ2MWQ4MzI3ZGViODgyY2Y5OSIsInJlc2V0X3Bhc3N3b3JkX2RhdGUiOm51bGwsImxvY2tfc3RhdHVzIjowLCJpc19hY3RpdmUiOjEsIm1zdF9yb2xlX2lkIjo1LCJtc3Rfc2VydmljZV9sb2NhdGlvbl9pZCI6MSwiY3JlYXRlZF9hdCI6IjIwMjEtMTEtMDNUMDg6MDY6MjMuMDAwWiIsIm1vZGlmaWVkX2F0IjoiMjAyMS0xMS0wM1QwODowNjoyMy4wMDBaIiwicm9sZV9uYW1lIjoiRnJvbnREZXNrIiwic2VydmljZV9sb2NhdGlvbiI6IlNlcnZpY2UgQ2VudGVyIEEiLCJpYXQiOjE3NzY2MDQyNDh9.1KpgPv1t_j-jtOQO61IEZgC6EzS-MI1hN283W1BIKiQ
				Content-Type=application/json
HTTP/1.1 500 Internal Server Error
X-DNS-Prefetch-Control: off
X-Frame-Options: SAMEORIGIN
Strict-Transport-Security: max-age=15552000; includeSubDomains
X-Download-Options: noopen
X-Content-Type-Options: nosniff
X-XSS-Protection: 1; mode=block
Access-Control-Allow-Origin: *
Content-Type: application/json; charset=utf-8
ETag: W/"5a8-Gn++UxwXdU8qliIe4Zl9dMPaIEI"
Vary: Accept-Encoding
Content-Encoding: gzip
Date: Sun, 19 Apr 2026 13:10:48 GMT
Connection: keep-alive
Keep-Alive: timeout=5
Transfer-Encoding: chunked

{
    "status": 500,
    "message": "Cannot add or update a child row: a foreign key constraint fails (`SR_DEV`.`map_job_problem`, CONSTRAINT `map_job_problem_ibfk_2` FOREIGN KEY (`mst_problem_id`) REFERENCES `mst_problem` (`id`))",
    "name": "SequelizeForeignKeyConstraintError",
    "parent": {
        "code": "ER_NO_REFERENCED_ROW_2",
        "errno": 1452,
        "sqlState": "23000",
        "sqlMessage": "Cannot add or update a child row: a foreign key constraint fails (`SR_DEV`.`map_job_problem`, CONSTRAINT `map_job_problem_ibfk_2` FOREIGN KEY (`mst_problem_id`) REFERENCES `mst_problem` (`id`))",
        "sql": "INSERT INTO `map_job_problem` (`id`,`mst_problem_id`,`tr_job_head_id`,`remark`,`added_by`) VALUES (NULL,23,256145,'Temporibus illum vel necessitatibus natus.',4);"
    },
    "original": {
        "code": "ER_NO_REFERENCED_ROW_2",
        "errno": 1452,
        "sqlState": "23000",
        "sqlMessage": "Cannot add or update a child row: a foreign key constraint fails (`SR_DEV`.`map_job_problem`, CONSTRAINT `map_job_problem_ibfk_2` FOREIGN KEY (`mst_problem_id`) REFERENCES `mst_problem` (`id`))",
        "sql": "INSERT INTO `map_job_problem` (`id`,`mst_problem_id`,`tr_job_head_id`,`remark`,`added_by`) VALUES (NULL,23,256145,'Temporibus illum vel necessitatibus natus.',4);"
    },
    "sql": "INSERT INTO `map_job_problem` (`id`,`mst_problem_id`,`tr_job_head_id`,`remark`,`added_by`) VALUES (NULL,23,256145,'Temporibus illum vel necessitatibus natus.',4);",
    "fields": [
        "mst_problem_id"
    ],
    "table": "mst_problem",
    "index": "map_job_problem_ibfk_2",
    "reltype": "child"
}
]]></system-out>
  </testcase>
  <testcase name="createJobAPITest[CreateJobPayload[mst_service_location_id=0, mst_platform_id=2, mst_warrenty_status_id=1, mst_oem_id=1, customer=Customer[first_name=Dharani, last_name=Gowda, mobile_number=7086798819, mobile_number_alt=7071685478, email_id=suma.prajapat@gmail.com, email_id_alt=saraswati.kocchar@gmail.com], customer_address=CustomerAddress[flat_number=845, apartment_name=422 Khanna Path, street_name=65449 Acharya Bridge, landmark=7610 Sushma Row, area=452 Menon Trafficway, pincode=7546, country=Tanzania, state=Rajasthan], customer_product=CustomerProduct[dop=2026-04-09T13:10:36.774157200Z, serial_number=81521606412288, imei1=81521606412288, imei2=81521606412288, popurl=http://www.agastya-jha.biz/?voluptates=unde&amp;aperiam=quo, product_id=1, mst_model_id=2], problems=[Problem[id=18, remark=Tempora eligendi consectetur est magni nostrum explicabo quaerat vel.]]]](10)" classname="com.api.tests.CreateJobAPIFakeDataDrivenTest" time="13.635">
    <failure message="1 expectation failed.&#10;Expected status code &lt;200&gt; but was &lt;500&gt;.&#10;" type="java.lang.AssertionError"><![CDATA[java.lang.AssertionError: 
1 expectation failed.
Expected status code <200> but was <500>.

	at java.base/jdk.internal.reflect.DirectConstructorHandleAccessor.newInstance(DirectConstructorHandleAccessor.java:62)
	at java.base/java.lang.reflect.Constructor.newInstanceWithCaller(Constructor.java:502)
	at java.base/java.lang.reflect.Constructor.newInstance(Constructor.java:486)
	at org.codehaus.groovy.reflection.CachedConstructor.invoke(CachedConstructor.java:73)
	at org.codehaus.groovy.runtime.callsite.ConstructorSite$ConstructorSiteNoUnwrapNoCoerce.callConstructor(ConstructorSite.java:108)
	at org.codehaus.groovy.runtime.callsite.AbstractCallSite.callConstructor(AbstractCallSite.java:277)
	at io.restassured.internal.ResponseSpecificationImpl$HamcrestAssertionClosure.validate(ResponseSpecificationImpl.groovy:512)
	at io.restassured.internal.ResponseSpecificationImpl$HamcrestAssertionClosure$validate$12.call(Unknown Source)
	at io.restassured.internal.ResponseSpecificationImpl.validate(ResponseSpecificationImpl.groovy:101)
	at io.restassured.internal.ValidatableResponseOptionsImpl.spec(ValidatableResponseOptionsImpl.java:288)
	at com.api.tests.CreateJobAPIFakeDataDrivenTest.createJobAPITest(CreateJobAPIFakeDataDrivenTest.java:31)
	at java.base/jdk.internal.reflect.DirectMethodHandleAccessor.invoke(DirectMethodHandleAccessor.java:103)
	at java.base/java.lang.reflect.Method.invoke(Method.java:580)
	at org.testng.internal.invokers.MethodInvocationHelper.invokeMethod(MethodInvocationHelper.java:141)
	at org.testng.internal.invokers.TestInvoker.invokeMethod(TestInvoker.java:686)
	at org.testng.internal.invokers.TestInvoker.invokeTestMethod(TestInvoker.java:230)
	at org.testng.internal.invokers.TestMethodWithDataProviderMethodWorker.call(TestMethodWithDataProviderMethodWorker.java:81)
	at org.testng.internal.thread.Async$AsyncTask.run(Async.java:34)
	at java.base/java.util.concurrent.ThreadPoolExecutor.runWorker(ThreadPoolExecutor.java:1144)
	at java.base/java.util.concurrent.ThreadPoolExecutor$Worker.run(ThreadPoolExecutor.java:642)
	at java.base/java.lang.Thread.run(Thread.java:1583)
]]></failure>
    <system-out><![CDATA[HTTP/1.1 200 OK
X-DNS-Prefetch-Control: off
X-Frame-Options: SAMEORIGIN
Strict-Transport-Security: max-age=15552000; includeSubDomains
X-Download-Options: noopen
X-Content-Type-Options: nosniff
X-XSS-Protection: 1; mode=block
Access-Control-Allow-Origin: *
Content-Type: application/json; charset=utf-8
Content-Length: 690
ETag: W/"2b2-bXbr9IjMx/hepnDMNeB+/kqapVc"
Vary: Accept-Encoding
Date: Sun, 19 Apr 2026 13:10:52 GMT
Connection: keep-alive
Keep-Alive: timeout=5

{
    "message": "Success",
    "data": {
        "token": "eyJhbGciOiJIUzI1NiIsInR5cCI6IkpXVCJ9.eyJpZCI6NCwiZmlyc3RfbmFtZSI6ImZkIiwibGFzdF9uYW1lIjoiZmQiLCJsb2dpbl9pZCI6ImlhbWZkIiwibW9iaWxlX251bWJlciI6Ijg4OTk3NzY2NTUiLCJlbWFpbF9pZCI6Im1hcmtAZ21haWwuY29tIiwicGFzc3dvcmQiOiI1ZjRkY2MzYjVhYTc2NWQ2MWQ4MzI3ZGViODgyY2Y5OSIsInJlc2V0X3Bhc3N3b3JkX2RhdGUiOm51bGwsImxvY2tfc3RhdHVzIjowLCJpc19hY3RpdmUiOjEsIm1zdF9yb2xlX2lkIjo1LCJtc3Rfc2VydmljZV9sb2NhdGlvbl9pZCI6MSwiY3JlYXRlZF9hdCI6IjIwMjEtMTEtMDNUMDg6MDY6MjMuMDAwWiIsIm1vZGlmaWVkX2F0IjoiMjAyMS0xMS0wM1QwODowNjoyMy4wMDBaIiwicm9sZV9uYW1lIjoiRnJvbnREZXNrIiwic2VydmljZV9sb2NhdGlvbiI6IlNlcnZpY2UgQ2VudGVyIEEiLCJpYXQiOjE3NzY2MDQyNTJ9.Ie5dtF3sKYSOIZxYkKcPMUXTlPChPr0z6fKkoL_fIWc"
    }
}
---------------------------------------------------------------------
eyJhbGciOiJIUzI1NiIsInR5cCI6IkpXVCJ9.eyJpZCI6NCwiZmlyc3RfbmFtZSI6ImZkIiwibGFzdF9uYW1lIjoiZmQiLCJsb2dpbl9pZCI6ImlhbWZkIiwibW9iaWxlX251bWJlciI6Ijg4OTk3NzY2NTUiLCJlbWFpbF9pZCI6Im1hcmtAZ21haWwuY29tIiwicGFzc3dvcmQiOiI1ZjRkY2MzYjVhYTc2NWQ2MWQ4MzI3ZGViODgyY2Y5OSIsInJlc2V0X3Bhc3N3b3JkX2RhdGUiOm51bGwsImxvY2tfc3RhdHVzIjowLCJpc19hY3RpdmUiOjEsIm1zdF9yb2xlX2lkIjo1LCJtc3Rfc2VydmljZV9sb2NhdGlvbl9pZCI6MSwiY3JlYXRlZF9hdCI6IjIwMjEtMTEtMDNUMDg6MDY6MjMuMDAwWiIsIm1vZGlmaWVkX2F0IjoiMjAyMS0xMS0wM1QwODowNjoyMy4wMDBaIiwicm9sZV9uYW1lIjoiRnJvbnREZXNrIiwic2VydmljZV9sb2NhdGlvbiI6IlNlcnZpY2UgQ2VudGVyIEEiLCJpYXQiOjE3NzY2MDQyNTJ9.Ie5dtF3sKYSOIZxYkKcPMUXTlPChPr0z6fKkoL_fIWc
Request URI:	http://64.227.160.186:9000/v1/job/create
Request method:	POST
Headers:		Accept=application/json, application/javascript, text/javascript, text/json
				Authorization=eyJhbGciOiJIUzI1NiIsInR5cCI6IkpXVCJ9.eyJpZCI6NCwiZmlyc3RfbmFtZSI6ImZkIiwibGFzdF9uYW1lIjoiZmQiLCJsb2dpbl9pZCI6ImlhbWZkIiwibW9iaWxlX251bWJlciI6Ijg4OTk3NzY2NTUiLCJlbWFpbF9pZCI6Im1hcmtAZ21haWwuY29tIiwicGFzc3dvcmQiOiI1ZjRkY2MzYjVhYTc2NWQ2MWQ4MzI3ZGViODgyY2Y5OSIsInJlc2V0X3Bhc3N3b3JkX2RhdGUiOm51bGwsImxvY2tfc3RhdHVzIjowLCJpc19hY3RpdmUiOjEsIm1zdF9yb2xlX2lkIjo1LCJtc3Rfc2VydmljZV9sb2NhdGlvbl9pZCI6MSwiY3JlYXRlZF9hdCI6IjIwMjEtMTEtMDNUMDg6MDY6MjMuMDAwWiIsIm1vZGlmaWVkX2F0IjoiMjAyMS0xMS0wM1QwODowNjoyMy4wMDBaIiwicm9sZV9uYW1lIjoiRnJvbnREZXNrIiwic2VydmljZV9sb2NhdGlvbiI6IlNlcnZpY2UgQ2VudGVyIEEiLCJpYXQiOjE3NzY2MDQyNTJ9.Ie5dtF3sKYSOIZxYkKcPMUXTlPChPr0z6fKkoL_fIWc
				Content-Type=application/json
HTTP/1.1 500 Internal Server Error
X-DNS-Prefetch-Control: off
X-Frame-Options: SAMEORIGIN
Strict-Transport-Security: max-age=15552000; includeSubDomains
X-Download-Options: noopen
X-Content-Type-Options: nosniff
X-XSS-Protection: 1; mode=block
Access-Control-Allow-Origin: *
Content-Type: application/json; charset=utf-8
ETag: W/"5f9-/aFx2z5km5j/J81ixmH1oVYZfJM"
Vary: Accept-Encoding
Content-Encoding: gzip
Date: Sun, 19 Apr 2026 13:10:52 GMT
Connection: keep-alive
Keep-Alive: timeout=5
Transfer-Encoding: chunked

{
    "status": 500,
    "message": "Cannot add or update a child row: a foreign key constraint fails (`SR_DEV`.`map_job_problem`, CONSTRAINT `map_job_problem_ibfk_2` FOREIGN KEY (`mst_problem_id`) REFERENCES `mst_problem` (`id`))",
    "name": "SequelizeForeignKeyConstraintError",
    "parent": {
        "code": "ER_NO_REFERENCED_ROW_2",
        "errno": 1452,
        "sqlState": "23000",
        "sqlMessage": "Cannot add or update a child row: a foreign key constraint fails (`SR_DEV`.`map_job_problem`, CONSTRAINT `map_job_problem_ibfk_2` FOREIGN KEY (`mst_problem_id`) REFERENCES `mst_problem` (`id`))",
        "sql": "INSERT INTO `map_job_problem` (`id`,`mst_problem_id`,`tr_job_head_id`,`remark`,`added_by`) VALUES (NULL,18,256146,'Tempora eligendi consectetur est magni nostrum explicabo quaerat vel.',4);"
    },
    "original": {
        "code": "ER_NO_REFERENCED_ROW_2",
        "errno": 1452,
        "sqlState": "23000",
        "sqlMessage": "Cannot add or update a child row: a foreign key constraint fails (`SR_DEV`.`map_job_problem`, CONSTRAINT `map_job_problem_ibfk_2` FOREIGN KEY (`mst_problem_id`) REFERENCES `mst_problem` (`id`))",
        "sql": "INSERT INTO `map_job_problem` (`id`,`mst_problem_id`,`tr_job_head_id`,`remark`,`added_by`) VALUES (NULL,18,256146,'Tempora eligendi consectetur est magni nostrum explicabo quaerat vel.',4);"
    },
    "sql": "INSERT INTO `map_job_problem` (`id`,`mst_problem_id`,`tr_job_head_id`,`remark`,`added_by`) VALUES (NULL,18,256146,'Tempora eligendi consectetur est magni nostrum explicabo quaerat vel.',4);",
    "fields": [
        "mst_problem_id"
    ],
    "table": "mst_problem",
    "index": "map_job_problem_ibfk_2",
    "reltype": "child"
}
]]></system-out>
  </testcase>
</testsuite>