<?xml version="1.0" encoding="UTF-8"?>
<testsuite xmlns:xsi="http://www.w3.org/2001/XMLSchema-instance" xsi:noNamespaceSchemaLocation="https://maven.apache.org/surefire/maven-surefire-plugin/xsd/surefire-test-report-3.0.xsd" version="3.0" name="TestSuite" time="4.085" tests="3" errors="0" skipped="0" failures="0">
  <properties>
[...]
</properties>
  <testcase name="loginAPI_Test" classname="com.api.tests.LoginAPITest" time="2.871">
    <system-out><![CDATA[+++++++++++++++++++++++++++
LoginAPITest is getting executed
null
Request method:	POST
{
    "message": "Success",
    "data": {
        "token": "eyJhbGciOiJIUzI1NiIsInR5cCI6IkpXVCJ9.eyJpZCI6NCwiZmlyc3RfbmFtZSI6ImZkIiwibGFzdF9uYW1lIjoiZmQiLCJsb2dpbl9pZCI6ImlhbWZkIiwibW9iaWxlX251bWJlciI6Ijg4OTk3NzY2NTUiLCJlbWFpbF9pZCI6Im1hcmtAZ21haWwuY29tIiwicGFzc3dvcmQiOiI1ZjRkY2MzYjVhYTc2NWQ2MWQ4MzI3ZGViODgyY2Y5OSIsInJlc2V0X3Bhc3N3b3JkX2RhdGUiOm51bGwsImxvY2tfc3RhdHVzIjowLCJpc19hY3RpdmUiOjEsIm1zdF9yb2xlX2lkIjo1LCJtc3Rfc2VydmljZV9sb2NhdGlvbl9pZCI6MSwiY3JlYXRlZF9hdCI6IjIwMjEtMTEtMDNUMDg6MDY6MjMuMDAwWiIsIm1vZGlmaWVkX2F0IjoiMjAyMS0xMS0wM1QwODowNjoyMy4wMDBaIiwicm9sZV9uYW1lIjoiRnJvbnREZXNrIiwic2VydmljZV9sb2NhdGlvbiI6IlNlcnZpY2UgQ2VudGVyIEEiLCJpYXQiOjE3NzUxMTUwODR9.UAKWjcIEYOP0R6SoB4nFS-onJnoy_Qt7IkUg1ISLA6o"
    }
}
]]></system-out>
    <system-err><![CDATA[SLF4J: Failed to load class "org.slf4j.impl.StaticLoggerBinder".
SLF4J: Defaulting to no-operation (NOP) logger implementation
SLF4J: See http://www.slf4j.org/codes.html#StaticLoggerBinder for further details.
]]></system-err>
  </testcase>
  <testcase name="verifyCountAPIResponse" classname="com.api.tests.CountAPITest" time="0.252">
    <system-out><![CDATA[+++++++++++++++++++++++++++
CountAPITest is getting executed
HTTP/1.1 200 OK
X-DNS-Prefetch-Control: off
X-Frame-Options: SAMEORIGIN
Strict-Transport-Security: max-age=15552000; includeSubDomains
X-Download-Options: noopen
X-Content-Type-Options: nosniff
X-XSS-Protection: 1; mode=block
Access-Control-Allow-Origin: *
Content-Type: application/json; charset=utf-8
Content-Length: 694
ETag: W/"2b6-esgsFz66+44235D8BkAWOUST2WI"
Vary: Accept-Encoding
Date: Thu, 02 Apr 2026 07:31:26 GMT
Connection: keep-alive
Keep-Alive: timeout=5

{
    "message": "Success",
    "data": {
        "token": "eyJhbGciOiJIUzI1NiIsInR5cCI6IkpXVCJ9.eyJpZCI6MiwiZmlyc3RfbmFtZSI6Ik1hcmsiLCJsYXN0X25hbWUiOiJ6dWsiLCJsb2dpbl9pZCI6ImlhbWVuZyIsIm1vYmlsZV9udW1iZXIiOiI4ODk5Nzc2NjU1IiwiZW1haWxfaWQiOiJtYXJrQGdtYWlsLmNvbSIsInBhc3N3b3JkIjoiNWY0ZGNjM2I1YWE3NjVkNjFkODMyN2RlYjg4MmNmOTkiLCJyZXNldF9wYXNzd29yZF9kYXRlIjpudWxsLCJsb2NrX3N0YXR1cyI6MCwiaXNfYWN0aXZlIjoxLCJtc3Rfcm9sZV9pZCI6MSwibXN0X3NlcnZpY2VfbG9jYXRpb25faWQiOjEsImNyZWF0ZWRfYXQiOiIyMDIxLTExLTAzVDA4OjA2OjIzLjAwMFoiLCJtb2RpZmllZF9hdCI6IjIwMjEtMTItMjBUMDc6NDI6MDAuMDAwWiIsInJvbGVfbmFtZSI6IkVuZ2luZWVyIiwic2VydmljZV9sb2NhdGlvbiI6IlNlcnZpY2UgQ2VudGVyIEEiLCJpYXQiOjE3NzUxMTUwODZ9.pS4z7UaMiT0VKtbnbywa5lLskFQG-VH-HYk0ZvgOglc"
    }
}
---------------------------------------------------------------------
eyJhbGciOiJIUzI1NiIsInR5cCI6IkpXVCJ9.eyJpZCI6MiwiZmlyc3RfbmFtZSI6Ik1hcmsiLCJsYXN0X25hbWUiOiJ6dWsiLCJsb2dpbl9pZCI6ImlhbWVuZyIsIm1vYmlsZV9udW1iZXIiOiI4ODk5Nzc2NjU1IiwiZW1haWxfaWQiOiJtYXJrQGdtYWlsLmNvbSIsInBhc3N3b3JkIjoiNWY0ZGNjM2I1YWE3NjVkNjFkODMyN2RlYjg4MmNmOTkiLCJyZXNldF9wYXNzd29yZF9kYXRlIjpudWxsLCJsb2NrX3N0YXR1cyI6MCwiaXNfYWN0aXZlIjoxLCJtc3Rfcm9sZV9pZCI6MSwibXN0X3NlcnZpY2VfbG9jYXRpb25faWQiOjEsImNyZWF0ZWRfYXQiOiIyMDIxLTExLTAzVDA4OjA2OjIzLjAwMFoiLCJtb2RpZmllZF9hdCI6IjIwMjEtMTItMjBUMDc6NDI6MDAuMDAwWiIsInJvbGVfbmFtZSI6IkVuZ2luZWVyIiwic2VydmljZV9sb2NhdGlvbiI6IlNlcnZpY2UgQ2VudGVyIEEiLCJpYXQiOjE3NzUxMTUwODZ9.pS4z7UaMiT0VKtbnbywa5lLskFQG-VH-HYk0ZvgOglc
HTTP/1.1 200 OK
X-DNS-Prefetch-Control: off
X-Frame-Options: SAMEORIGIN
Strict-Transport-Security: max-age=15552000; includeSubDomains
X-Download-Options: noopen
X-Content-Type-Options: nosniff
X-XSS-Protection: 1; mode=block
Access-Control-Allow-Origin: *
Content-Type: application/json; charset=utf-8
Content-Length: 164
ETag: W/"a4-xrop6u21edFyzXgDckt3bUyIFFc"
Vary: Accept-Encoding
Date: Thu, 02 Apr 2026 07:31:26 GMT
Connection: keep-alive
Keep-Alive: timeout=5

{
    "message": "Success",
    "data": [
        {
            "label": "Pending for repair",
            "key": "pending_for_repair",
            "count": 0
        },
        {
            "label": "Repair completed",
            "key": "repair_completed",
            "count": 191
        }
    ]
}
]]></system-out>
  </testcase>
  <testcase name="userDetailsAPITest" classname="com.api.tests.UserDetailsAPITest" time="0.262">
    <system-out><![CDATA[+++++++++++++++++++++++++++
userDetailsAPITest is getting executed
HTTP/1.1 200 OK
X-DNS-Prefetch-Control: off
X-Frame-Options: SAMEORIGIN
Strict-Transport-Security: max-age=15552000; includeSubDomains
X-Download-Options: noopen
X-Content-Type-Options: nosniff
X-XSS-Protection: 1; mode=block
Access-Control-Allow-Origin: *
Content-Type: application/json; charset=utf-8
Content-Length: 694
ETag: W/"2b6-esgsFz66+44235D8BkAWOUST2WI"
Vary: Accept-Encoding
Date: Thu, 02 Apr 2026 07:31:26 GMT
Connection: keep-alive
Keep-Alive: timeout=5

{
    "message": "Success",
    "data": {
        "token": "eyJhbGciOiJIUzI1NiIsInR5cCI6IkpXVCJ9.eyJpZCI6MiwiZmlyc3RfbmFtZSI6Ik1hcmsiLCJsYXN0X25hbWUiOiJ6dWsiLCJsb2dpbl9pZCI6ImlhbWVuZyIsIm1vYmlsZV9udW1iZXIiOiI4ODk5Nzc2NjU1IiwiZW1haWxfaWQiOiJtYXJrQGdtYWlsLmNvbSIsInBhc3N3b3JkIjoiNWY0ZGNjM2I1YWE3NjVkNjFkODMyN2RlYjg4MmNmOTkiLCJyZXNldF9wYXNzd29yZF9kYXRlIjpudWxsLCJsb2NrX3N0YXR1cyI6MCwiaXNfYWN0aXZlIjoxLCJtc3Rfcm9sZV9pZCI6MSwibXN0X3NlcnZpY2VfbG9jYXRpb25faWQiOjEsImNyZWF0ZWRfYXQiOiIyMDIxLTExLTAzVDA4OjA2OjIzLjAwMFoiLCJtb2RpZmllZF9hdCI6IjIwMjEtMTItMjBUMDc6NDI6MDAuMDAwWiIsInJvbGVfbmFtZSI6IkVuZ2luZWVyIiwic2VydmljZV9sb2NhdGlvbiI6IlNlcnZpY2UgQ2VudGVyIEEiLCJpYXQiOjE3NzUxMTUwODZ9.pS4z7UaMiT0VKtbnbywa5lLskFQG-VH-HYk0ZvgOglc"
    }
}
---------------------------------------------------------------------
eyJhbGciOiJIUzI1NiIsInR5cCI6IkpXVCJ9.eyJpZCI6MiwiZmlyc3RfbmFtZSI6Ik1hcmsiLCJsYXN0X25hbWUiOiJ6dWsiLCJsb2dpbl9pZCI6ImlhbWVuZyIsIm1vYmlsZV9udW1iZXIiOiI4ODk5Nzc2NjU1IiwiZW1haWxfaWQiOiJtYXJrQGdtYWlsLmNvbSIsInBhc3N3b3JkIjoiNWY0ZGNjM2I1YWE3NjVkNjFkODMyN2RlYjg4MmNmOTkiLCJyZXNldF9wYXNzd29yZF9kYXRlIjpudWxsLCJsb2NrX3N0YXR1cyI6MCwiaXNfYWN0aXZlIjoxLCJtc3Rfcm9sZV9pZCI6MSwibXN0X3NlcnZpY2VfbG9jYXRpb25faWQiOjEsImNyZWF0ZWRfYXQiOiIyMDIxLTExLTAzVDA4OjA2OjIzLjAwMFoiLCJtb2RpZmllZF9hdCI6IjIwMjEtMTItMjBUMDc6NDI6MDAuMDAwWiIsInJvbGVfbmFtZSI6IkVuZ2luZWVyIiwic2VydmljZV9sb2NhdGlvbiI6IlNlcnZpY2UgQ2VudGVyIEEiLCJpYXQiOjE3NzUxMTUwODZ9.pS4z7UaMiT0VKtbnbywa5lLskFQG-VH-HYk0ZvgOglc
HTTP/1.1 200 OK
X-DNS-Prefetch-Control: off
X-Frame-Options: SAMEORIGIN
Strict-Transport-Security: max-age=15552000; includeSubDomains
X-Download-Options: noopen
X-Content-Type-Options: nosniff
X-XSS-Protection: 1; mode=block
Access-Control-Allow-Origin: *
Content-Type: application/json; charset=utf-8
Content-Length: 694
ETag: W/"2b6-esgsFz66+44235D8BkAWOUST2WI"
Vary: Accept-Encoding
Date: Thu, 02 Apr 2026 07:31:26 GMT
Connection: keep-alive
Keep-Alive: timeout=5

{
    "message": "Success",
    "data": {
        "token": "eyJhbGciOiJIUzI1NiIsInR5cCI6IkpXVCJ9.eyJpZCI6MiwiZmlyc3RfbmFtZSI6Ik1hcmsiLCJsYXN0X25hbWUiOiJ6dWsiLCJsb2dpbl9pZCI6ImlhbWVuZyIsIm1vYmlsZV9udW1iZXIiOiI4ODk5Nzc2NjU1IiwiZW1haWxfaWQiOiJtYXJrQGdtYWlsLmNvbSIsInBhc3N3b3JkIjoiNWY0ZGNjM2I1YWE3NjVkNjFkODMyN2RlYjg4MmNmOTkiLCJyZXNldF9wYXNzd29yZF9kYXRlIjpudWxsLCJsb2NrX3N0YXR1cyI6MCwiaXNfYWN0aXZlIjoxLCJtc3Rfcm9sZV9pZCI6MSwibXN0X3NlcnZpY2VfbG9jYXRpb25faWQiOjEsImNyZWF0ZWRfYXQiOiIyMDIxLTExLTAzVDA4OjA2OjIzLjAwMFoiLCJtb2RpZmllZF9hdCI6IjIwMjEtMTItMjBUMDc6NDI6MDAuMDAwWiIsInJvbGVfbmFtZSI6IkVuZ2luZWVyIiwic2VydmljZV9sb2NhdGlvbiI6IlNlcnZpY2UgQ2VudGVyIEEiLCJpYXQiOjE3NzUxMTUwODZ9.pS4z7UaMiT0VKtbnbywa5lLskFQG-VH-HYk0ZvgOglc"
    }
}
---------------------------------------------------------------------
eyJhbGciOiJIUzI1NiIsInR5cCI6IkpXVCJ9.eyJpZCI6MiwiZmlyc3RfbmFtZSI6Ik1hcmsiLCJsYXN0X25hbWUiOiJ6dWsiLCJsb2dpbl9pZCI6ImlhbWVuZyIsIm1vYmlsZV9udW1iZXIiOiI4ODk5Nzc2NjU1IiwiZW1haWxfaWQiOiJtYXJrQGdtYWlsLmNvbSIsInBhc3N3b3JkIjoiNWY0ZGNjM2I1YWE3NjVkNjFkODMyN2RlYjg4MmNmOTkiLCJyZXNldF9wYXNzd29yZF9kYXRlIjpudWxsLCJsb2NrX3N0YXR1cyI6MCwiaXNfYWN0aXZlIjoxLCJtc3Rfcm9sZV9pZCI6MSwibXN0X3NlcnZpY2VfbG9jYXRpb25faWQiOjEsImNyZWF0ZWRfYXQiOiIyMDIxLTExLTAzVDA4OjA2OjIzLjAwMFoiLCJtb2RpZmllZF9hdCI6IjIwMjEtMTItMjBUMDc6NDI6MDAuMDAwWiIsInJvbGVfbmFtZSI6IkVuZ2luZWVyIiwic2VydmljZV9sb2NhdGlvbiI6IlNlcnZpY2UgQ2VudGVyIEEiLCJpYXQiOjE3NzUxMTUwODZ9.pS4z7UaMiT0VKtbnbywa5lLskFQG-VH-HYk0ZvgOglc
The Auth Code is eyJhbGciOiJIUzI1NiIsInR5cCI6IkpXVCJ9.eyJpZCI6MiwiZmlyc3RfbmFtZSI6Ik1hcmsiLCJsYXN0X25hbWUiOiJ6dWsiLCJsb2dpbl9pZCI6ImlhbWVuZyIsIm1vYmlsZV9udW1iZXIiOiI4ODk5Nzc2NjU1IiwiZW1haWxfaWQiOiJtYXJrQGdtYWlsLmNvbSIsInBhc3N3b3JkIjoiNWY0ZGNjM2I1YWE3NjVkNjFkODMyN2RlYjg4MmNmOTkiLCJyZXNldF9wYXNzd29yZF9kYXRlIjpudWxsLCJsb2NrX3N0YXR1cyI6MCwiaXNfYWN0aXZlIjoxLCJtc3Rfcm9sZV9pZCI6MSwibXN0X3NlcnZpY2VfbG9jYXRpb25faWQiOjEsImNyZWF0ZWRfYXQiOiIyMDIxLTExLTAzVDA4OjA2OjIzLjAwMFoiLCJtb2RpZmllZF9hdCI6IjIwMjEtMTItMjBUMDc6NDI6MDAuMDAwWiIsInJvbGVfbmFtZSI6IkVuZ2luZWVyIiwic2VydmljZV9sb2NhdGlvbiI6IlNlcnZpY2UgQ2VudGVyIEEiLCJpYXQiOjE3NzUxMTUwODZ9.pS4z7UaMiT0VKtbnbywa5lLskFQG-VH-HYk0ZvgOglc
]]></system-out>
  </testcase>
</testsuite>