<?xml version="1.0" encoding="UTF-8"?>
<testng-results ignored="0" total="3" passed="2" failed="1" skipped="0">
  <reporter-output>
  </reporter-output>
  <suite started-at="2026-04-22T13:30:28 IST" name="SuiteName" finished-at="2026-04-22T13:30:35 IST" duration-ms="7577">
    <groups>
      <group name="regression">
        <method signature="UserDetailsAPITest.userDetailsAPITest()[pri:0, instance:com.api.tests.UserDetailsAPITest@50eac852]" name="userDetailsAPITest" class="com.api.tests.UserDetailsAPITest"/>
      </group> <!-- regression -->
      <group name="smoke">
        <method signature="UserDetailsAPITest.userDetailsAPITest()[pri:0, instance:com.api.tests.UserDetailsAPITest@50eac852]" name="userDetailsAPITest" class="com.api.tests.UserDetailsAPITest"/>
      </group> <!-- smoke -->
      <group name="api">
        <method signature="UserDetailsAPITest.userDetailsAPITest()[pri:0, instance:com.api.tests.UserDetailsAPITest@50eac852]" name="userDetailsAPITest" class="com.api.tests.UserDetailsAPITest"/>
      </group> <!-- api -->
    </groups>
    <test started-at="2026-04-22T13:30:28 IST" name="TestName" finished-at="2026-04-22T13:30:35 IST" duration-ms="7577">
      <class name="com.api.tests.UserDetailsAPITest">
        <test-method signature="userDetailsAPITest()[pri:0, instance:com.api.tests.UserDetailsAPITest@50eac852]" started-at="2026-04-22T13:30:35 IST" name="userDetailsAPITest" description="Verification if login is working" finished-at="2026-04-22T13:30:35 IST" duration-ms="279" status="PASS">
          <reporter-output>
          </reporter-output>
        </test-method> <!-- userDetailsAPITest -->
      </class> <!-- com.api.tests.UserDetailsAPITest -->
      <class name="com.api.tests.CountAPITest">
        <test-method signature="verifyCountAPIResponse()[pri:0, instance:com.api.tests.CountAPITest@61df66b6]" started-at="2026-04-22T13:30:34 IST" name="verifyCountAPIResponse" finished-at="2026-04-22T13:30:35 IST" duration-ms="1004" status="PASS">
          <reporter-output>
          </reporter-output>
        </test-method> <!-- verifyCountAPIResponse -->
      </class> <!-- com.api.tests.CountAPITest -->
      <class name="com.api.tests.LoginAPITest">
        <test-method signature="loginAPI_Test()[pri:0, instance:com.api.tests.LoginAPITest@2c767a52]" started-at="2026-04-22T13:30:28 IST" name="loginAPI_Test" finished-at="2026-04-22T13:30:34 IST" duration-ms="6237" status="FAIL">
          <exception class="java.lang.AssertionError">
            <message>
              <![CDATA[1 expectation failed.
Expected response time was not a value less than <2000L> milliseconds, was 4815 milliseconds (4815 milliseconds).]]>
            </message>
            <full-stacktrace>
              <![CDATA[java.lang.AssertionError: 1 expectation failed.
Expected response time was not a value less than <2000L> milliseconds, was 4815 milliseconds (4815 milliseconds).
at java.base/jdk.internal.reflect.DirectConstructorHandleAccessor.newInstance(DirectConstructorHandleAccessor.java:62)
at java.base/java.lang.reflect.Constructor.newInstanceWithCaller(Constructor.java:502)
at java.base/java.lang.reflect.Constructor.newInstance(Constructor.java:486)
at org.codehaus.groovy.reflection.CachedConstructor.invoke(CachedConstructor.java:73)
at org.codehaus.groovy.runtime.callsite.ConstructorSite$ConstructorSiteNoUnwrapNoCoerce.callConstructor(ConstructorSite.java:108)
at org.codehaus.groovy.runtime.callsite.CallSiteArray.defaultCallConstructor(CallSiteArray.java:57)
at org.codehaus.groovy.runtime.callsite.AbstractCallSite.callConstructor(AbstractCallSite.java:263)
at org.codehaus.groovy.runtime.callsite.AbstractCallSite.callConstructor(AbstractCallSite.java:277)
at io.restassured.internal.ResponseSpecificationImpl$HamcrestAssertionClosure.validate(ResponseSpecificationImpl.groovy:512)
at io.restassured.internal.ResponseSpecificationImpl$HamcrestAssertionClosure$validate$1.call(Unknown Source)
at org.codehaus.groovy.runtime.callsite.CallSiteArray.defaultCall(CallSiteArray.java:45)
at org.codehaus.groovy.runtime.callsite.AbstractCallSite.call(AbstractCallSite.java:125)
at org.codehaus.groovy.runtime.callsite.AbstractCallSite.call(AbstractCallSite.java:139)
at io.restassured.internal.ResponseSpecificationImpl.validate(ResponseSpecificationImpl.groovy:101)
at io.restassured.internal.ValidatableResponseOptionsImpl.spec(ValidatableResponseOptionsImpl.java:288)
at com.api.tests.LoginAPITest.loginAPI_Test(LoginAPITest.java:29)
at java.base/jdk.internal.reflect.DirectMethodHandleAccessor.invoke(DirectMethodHandleAccessor.java:103)
at java.base/java.lang.reflect.Method.invoke(Method.java:580)
at org.testng.internal.invokers.MethodInvocationHelper.invokeMethod(MethodInvocationHelper.java:141)
at org.testng.internal.invokers.TestInvoker.invokeMethod(TestInvoker.java:686)
at org.testng.internal.invokers.TestInvoker.invokeTestMethod(TestInvoker.java:230)
at org.testng.internal.invokers.MethodRunner.runInSequence(MethodRunner.java:63)
at org.testng.internal.invokers.TestInvoker$MethodInvocationAgent.invoke(TestInvoker.java:992)
at org.testng.internal.invokers.TestInvoker.invokeTestMethods(TestInvoker.java:203)
at org.testng.internal.invokers.TestMethodWorker.invokeTestMethods(TestMethodWorker.java:154)
at org.testng.internal.invokers.TestMethodWorker.run(TestMethodWorker.java:134)
at java.base/java.util.ArrayList.forEach(ArrayList.java:1596)
at org.testng.TestRunner.privateRun(TestRunner.java:739)
at org.testng.TestRunner.run(TestRunner.java:614)
at org.testng.SuiteRunner.runTest(SuiteRunner.java:421)
at org.testng.SuiteRunner.runSequentially(SuiteRunner.java:413)
at org.testng.SuiteRunner.privateRun(SuiteRunner.java:373)
at org.testng.SuiteRunner.run(SuiteRunner.java:312)
at org.testng.SuiteRunnerWorker.runSuite(SuiteRunnerWorker.java:52)
at org.testng.SuiteRunnerWorker.run(SuiteRunnerWorker.java:95)
at org.testng.TestNG.runSuitesSequentially(TestNG.java:1274)
at org.testng.TestNG.runSuitesLocally(TestNG.java:1208)
at org.testng.TestNG.runSuites(TestNG.java:1112)
at org.testng.TestNG.run(TestNG.java:1079)
at org.apache.maven.surefire.testng.TestNGExecutor.run(TestNGExecutor.java:308)
at org.apache.maven.surefire.testng.TestNGXmlTestSuite.execute(TestNGXmlTestSuite.java:71)
at org.apache.maven.surefire.testng.TestNGProvider.invoke(TestNGProvider.java:113)
at org.apache.maven.surefire.booter.ForkedBooter.runSuitesInProcess(ForkedBooter.java:385)
at org.apache.maven.surefire.booter.ForkedBooter.execute(ForkedBooter.java:162)
at org.apache.maven.surefire.booter.ForkedBooter.run(ForkedBooter.java:507)
at org.apache.maven.surefire.booter.ForkedBooter.main(ForkedBooter.java:495)
]]>
            </full-stacktrace>
          </exception> <!-- java.lang.AssertionError -->
          <reporter-output>
          </reporter-output>
        </test-method> <!-- loginAPI_Test -->
      </class> <!-- com.api.tests.LoginAPITest -->
    </test> <!-- TestName -->
  </suite> <!-- SuiteName -->
</testng-results>
