<?xml version="1.0" encoding="UTF-8"?>
<testng-results ignored="0" total="1" passed="1" failed="0" skipped="0">
  <reporter-output>
  </reporter-output>
  <suite started-at="2026-04-22T22:25:47 IST" name="Default suite" finished-at="2026-04-22T22:25:51 IST" duration-ms="3863">
    <groups>
      <group name="datadriven">
        <method signature="LoginAPIJsonDataDrivenTest.loginAPI__Test(com.api.pojo.UserCredentials)[pri:0, instance:com.api.tests.LoginAPIJsonDataDrivenTest@5d534f5d]" name="loginAPI__Test" class="com.api.tests.LoginAPIJsonDataDrivenTest"/>
      </group> <!-- datadriven -->
      <group name="regression">
        <method signature="LoginAPIJsonDataDrivenTest.loginAPI__Test(com.api.pojo.UserCredentials)[pri:0, instance:com.api.tests.LoginAPIJsonDataDrivenTest@5d534f5d]" name="loginAPI__Test" class="com.api.tests.LoginAPIJsonDataDrivenTest"/>
      </group> <!-- regression -->
      <group name="api">
        <method signature="LoginAPIJsonDataDrivenTest.loginAPI__Test(com.api.pojo.UserCredentials)[pri:0, instance:com.api.tests.LoginAPIJsonDataDrivenTest@5d534f5d]" name="loginAPI__Test" class="com.api.tests.LoginAPIJsonDataDrivenTest"/>
      </group> <!-- api -->
    </groups>
    <test started-at="2026-04-22T22:25:47 IST" name="Default test" finished-at="2026-04-22T22:25:51 IST" duration-ms="3863">
      <class name="com.api.tests.LoginAPIJsonDataDrivenTest">
        <test-method signature="loginAPI__Test(com.api.pojo.UserCredentials)[pri:0, instance:com.api.tests.LoginAPIJsonDataDrivenTest@5d534f5d]" started-at="2026-04-22T22:25:48 IST" name="loginAPI__Test" description="Verification if login is working" data-provider="LoginAPIExcelDataProvider" finished-at="2026-04-22T22:25:51 IST" duration-ms="2800" status="PASS">
          <params>
            <param index="0">
              <value>
                <![CDATA[com.api.pojo.UserCredentials@2767f907]]>
              </value>
            </param>
          </params>
          <reporter-output>
          </reporter-output>
        </test-method> <!-- loginAPI__Test -->
      </class> <!-- com.api.tests.LoginAPIJsonDataDrivenTest -->
    </test> <!-- Default test -->
  </suite> <!-- Default suite -->
</testng-results>
