<?xml version="1.0" encoding="UTF-8"?>
<!-- Generated by org.testng.reporters.JUnitXMLReporter -->
<testsuite ignored="0" hostname="DESKTOP-TTV328B" failures="0" tests="3" name="TestName" time="3.427" errors="0" timestamp="2026-04-02T13:01:26 IST">
  <testcase classname="com.api.tests.LoginAPITest" name="loginAPI_Test" time="2.87"/>
  <testcase classname="com.api.tests.CountAPITest" name="verifyCountAPIResponse" time="0.252"/>
  <testcase classname="com.api.tests.UserDetailsAPITest" name="userDetailsAPITest" time="0.262"/>
</testsuite> <!-- TestName -->
