<?xml version="1.0" encoding="UTF-8"?>
<!-- Generated by org.testng.reporters.JUnitXMLReporter -->
<testsuite ignored="0" hostname="DESKTOP-TTV328B" failures="1" tests="3" name="TestName" time="7.577" errors="0" timestamp="2026-04-22T13:30:36 IST">
  <testcase classname="com.api.tests.LoginAPITest" name="loginAPI_Test" time="6.237">
    <failure type="java.lang.AssertionError" message="1 expectation failed.
Expected response time was not a value less than &amp;lt;2000L&amp;gt; milliseconds, was 4815 milliseconds (4815 milliseconds).">
      <![CDATA[java.lang.AssertionError: 1 expectation failed.
Expected response time was not a value less than <2000L> milliseconds, was 4815 milliseconds (4815 milliseconds).
at org.codehaus.groovy.runtime.callsite.ConstructorSite$ConstructorSiteNoUnwrapNoCoerce.callConstructor(ConstructorSite.java:108)
at org.codehaus.groovy.runtime.callsite.CallSiteArray.defaultCallConstructor(CallSiteArray.java:57)
at org.codehaus.groovy.runtime.callsite.AbstractCallSite.callConstructor(AbstractCallSite.java:263)
at org.codehaus.groovy.runtime.callsite.AbstractCallSite.callConstructor(AbstractCallSite.java:277)
at io.restassured.internal.ResponseSpecificationImpl$HamcrestAssertionClosure.validate(ResponseSpecificationImpl.groovy:512)
at io.restassured.internal.ResponseSpecificationImpl$HamcrestAssertionClosure$validate$1.call(Unknown Source)
at org.codehaus.groovy.runtime.callsite.CallSiteArray.defaultCall(CallSiteArray.java:45)
at org.codehaus.groovy.runtime.callsite.AbstractCallSite.call(AbstractCallSite.java:125)
at org.codehaus.groovy.runtime.callsite.AbstractCallSite.call(AbstractCallSite.java:139)
at io.restassured.internal.ResponseSpecificationImpl.validate(ResponseSpecificationImpl.groovy:101)
at io.restassured.internal.ValidatableResponseOptionsImpl.spec(ValidatableResponseOptionsImpl.java:288)
at com.api.tests.LoginAPITest.loginAPI_Test(LoginAPITest.java:29)
at java.base/java.util.ArrayList.forEach(ArrayList.java:1596)
... Removed 33 stack frames]]>
    </failure>
  </testcase> <!-- loginAPI_Test -->
  <testcase classname="com.api.tests.CountAPITest" name="verifyCountAPIResponse" time="1.004"/>
  <testcase classname="com.api.tests.UserDetailsAPITest" name="userDetailsAPITest" time="0.279"/>
</testsuite> <!-- TestName -->
